#
# A fatal error has been detected by the Java Runtime Environment:
#
#  SIGSEGV (0xb) at pc=0x08050eda, pid=13643, tid=3036342016
#
# JRE version: 6.0_32-b32
# Java VM: OpenJDK Server VM (23.25-b01 mixed mode, sharing linux-x86 )
# Derivative: IcedTea6 1.13.4
# Distribution: Ubuntu 12.04 LTS, package 6b32-1.13.4-4ubuntu0.12.04.2
# Problematic frame:
# C  [sigserver+0x8eda]  _ZNKSt9basic_iosIcSt11char_traitsIcEE4failEv@@GLIBCXX_3.4+0x8eda
#
# Failed to write core dump. Core dumps have been disabled. To enable core dumping, try "ulimit -c unlimited" before starting Java again
#
# If you would like to submit a bug report, please include
# instructions how to reproduce the bug and visit:
#   https://bugs.launchpad.net/ubuntu/+source/openjdk-6/
# The crash happened outside the Java Virtual Machine in native code.
# See problematic frame for where to report the bug.
#

---------------  T H R E A D  ---------------

Current thread (0x0954b000):  JavaThread "main" [_thread_in_native, id=13643, stack(0xbfa36000,0xbfa86000)]

siginfo:si_signo=SIGSEGV: si_errno=0, si_code=1 (SEGV_MAPERR), si_addr=0x000000b4

Registers:
EAX=0x00000000, EBX=0x09530c90, ECX=0xb6430450, EDX=0x080bc348
ESP=0xbfa82c88, EBP=0xbfa82c88, ESI=0x00000000, EDI=0x00000000
EIP=0x08050eda, EFLAGS=0x00210206, CR2=0x000000b4

Top of Stack: (sp=0xbfa82c88)
0xbfa82c88:   bfa83018 0804f4f3 00000000 08106bbc
0xbfa82c98:   096266c4 00000000 40180000 00000000
0xbfa82ca8:   00000000 00000000 00000000 00000001
0xbfa82cb8:   bfa82ce8 080e23d3 09973904 00000000
0xbfa82cc8:   bfa82ce8 080d14cc 099617a4 bfa82d84
0xbfa82cd8:   00000000 00000000 b650f9a7 b655bff4
0xbfa82ce8:   00000001 b6300ce1 099617a4 00000000
0xbfa82cf8:   bfa82dda 01371800 099739f0 00000001 

Instructions: (pc=0x08050eda)
0x08050eba:   89 04 24 e8 3e fe ff ff c9 c3 55 89 e5 8b 45 08
0x08050eca:   0f b6 80 a8 00 00 00 5d c3 90 55 89 e5 8b 45 08
0x08050eda:   8b 80 b4 00 00 00 5d c3 55 89 e5 83 ec 04 8b 45
0x08050eea:   0c 88 45 fc 8b 45 08 0f b6 55 fc 88 90 14 01 00 

Register to memory mapping:

EAX=0x00000000 is an unknown value
EBX=0x09530c90 is an unknown value
ECX=0xb6430450: <offset 0x1a6450> in /lib/i386-linux-gnu/libc.so.6 at 0xb628a000
EDX=0x080bc348: <offset 0x74348> in /home/tome-ikeda/sigverse-2.2.0/bin/sigserver at 0x08048000
ESP=0xbfa82c88 is pointing into the stack for thread: 0x0954b000
EBP=0xbfa82c88 is pointing into the stack for thread: 0x0954b000
ESI=0x00000000 is an unknown value
EDI=0x00000000 is an unknown value


Stack: [0xbfa36000,0xbfa86000],  sp=0xbfa82c88,  free space=307k
Native frames: (J=compiled Java code, j=interpreted, Vv=VM code, C=native code)
C  [sigserver+0x8eda]  _ZNKSt9basic_iosIcSt11char_traitsIcEE4failEv@@GLIBCXX_3.4+0x8eda
C  [sigserver+0x74f3]  _ZNKSt9basic_iosIcSt11char_traitsIcEE4failEv@@GLIBCXX_3.4+0x74f3
C  [sigserver+0x1be2b]  _ZNKSt9basic_iosIcSt11char_traitsIcEE4failEv@@GLIBCXX_3.4+0x1be2b
C  [sigserver+0x7fea6]  _ZNKSt9basic_iosIcSt11char_traitsIcEE4failEv@@GLIBCXX_3.4+0x7fea6
C  [sigserver+0x3cd90]  _ZNKSt9basic_iosIcSt11char_traitsIcEE4failEv@@GLIBCXX_3.4+0x3cd90
C  [sigserver+0x3bd1a]  _ZNKSt9basic_iosIcSt11char_traitsIcEE4failEv@@GLIBCXX_3.4+0x3bd1a
C  [sigserver+0x3c689]  _ZNKSt9basic_iosIcSt11char_traitsIcEE4failEv@@GLIBCXX_3.4+0x3c689


---------------  P R O C E S S  ---------------

Java Threads: ( => current thread )
  0x095d3000 JavaThread "Low Memory Detector" daemon [_thread_blocked, id=13651, stack(0xb0b2e000,0xb0b7f000)]
  0x09633400 JavaThread "C2 CompilerThread1" daemon [_thread_blocked, id=13650, stack(0xb0b7f000,0xb0c00000)]
  0x09627000 JavaThread "C2 CompilerThread0" daemon [_thread_blocked, id=13649, stack(0xb0f2e000,0xb0faf000)]
  0x09556c00 JavaThread "Signal Dispatcher" daemon [_thread_blocked, id=13648, stack(0xb0faf000,0xb1000000)]
  0x09547400 JavaThread "Finalizer" daemon [_thread_blocked, id=13647, stack(0xb1144000,0xb1195000)]
  0x095ed800 JavaThread "Reference Handler" daemon [_thread_blocked, id=13646, stack(0xb1195000,0xb11e6000)]
=>0x0954b000 JavaThread "main" [_thread_in_native, id=13643, stack(0xbfa36000,0xbfa86000)]

Other Threads:
  0x0953e000 VMThread [stack: 0xb11e6000,0xb1267000] [id=13645]
  0x095d5000 WatcherThread [stack: 0xb0aad000,0xb0b2e000] [id=13652]

VM state:not at safepoint (normal execution)

VM Mutex/Monitor currently owned by a thread: None

Heap
 def new generation   total 4800K, used 3131K [0x6a040000, 0x6a570000, 0x74790000)
  eden space 4288K,  61% used [0x6a040000, 0x6a2cedb0, 0x6a470000)
  from space 512K, 100% used [0x6a470000, 0x6a4f0000, 0x6a4f0000)
  to   space 512K,   0% used [0x6a4f0000, 0x6a4f0000, 0x6a570000)
 tenured generation   total 10752K, used 2073K [0x74790000, 0x75210000, 0x89640000)
   the space 10752K,  19% used [0x74790000, 0x74996688, 0x74996800, 0x75210000)
 compacting perm gen  total 16384K, used 1703K [0x89640000, 0x8a640000, 0x91640000)
   the space 16384K,  10% used [0x89640000, 0x897e9fa8, 0x897ea000, 0x8a640000)
    ro space 10240K,  56% used [0x91640000, 0x91bdd4c8, 0x91bdd600, 0x92040000)
    rw space 12288K,  62% used [0x92040000, 0x927cc2b0, 0x927cc400, 0x92c40000)

Card table byte_map: [0xb14e6000,0xb162d000] byte_map_base: 0xb1195e00

Polling page: 0xb69f3000

Code Cache  [0xb16ed000, 0xb192d000, 0xb46ed000)
 total_blobs=180 nmethods=62 adapters=71 free_code_cache=48742Kb largest_free_block=49892032

Compilation events (10 events):
Event: 1.655 Thread 0x09633400   56             org.web3d.vrml.nodes.proto.AbstractProto::getFieldDeclaration (14 bytes)
Event: 1.656 Thread 0x09633400 nmethod 56 0xb174a5c8 code [0xb174a6c0, 0xb174a7b0]
Event: 1.659 Thread 0x09633400   57             sun.reflect.ClassFileAssembler::emitByte (11 bytes)
Event: 1.659 Thread 0x09633400 nmethod 57 0xb174f748 code [0xb174f860, 0xb174f95c]
Event: 1.660 Thread 0x09633400   58             sun.reflect.ByteVectorImpl::add (38 bytes)
Event: 1.660 Thread 0x09633400 nmethod 58 0xb1751e88 code [0xb1751f80, 0xb175203c]
Event: 1.661 Thread 0x09633400   59             java.util.ArrayList::size (5 bytes)
Event: 1.661 Thread 0x09633400 nmethod 59 0xb174f588 code [0xb174f660, 0xb174f6b0]
Event: 1.691 Thread 0x09633400   60             org.web3d.util.IntHashMap::get (54 bytes)
Event: 1.693 Thread 0x09633400 nmethod 60 0xb1751c08 code [0xb1751d00, 0xb1751db0]

GC Heap History (4 events):
Event: 0.669 GC heap before
{Heap before GC invocations=0 (full 0):
 def new generation   total 4800K, used 4283K [0x6a040000, 0x6a570000, 0x74790000)
  eden space 4288K,  99% used [0x6a040000, 0x6a46ee38, 0x6a470000)
  from space 512K,   0% used [0x6a470000, 0x6a470000, 0x6a4f0000)
  to   space 512K,   0% used [0x6a4f0000, 0x6a4f0000, 0x6a570000)
 tenured generation   total 10752K, used 0K [0x74790000, 0x75210000, 0x89640000)
   the space 10752K,   0% used [0x74790000, 0x74790000, 0x74790200, 0x75210000)
 compacting perm gen  total 16384K, used 1604K [0x89640000, 0x8a640000, 0x91640000)
   the space 16384K,   9% used [0x89640000, 0x897d10e8, 0x897d1200, 0x8a640000)
    ro space 10240K,  56% used [0x91640000, 0x91bdd4c8, 0x91bdd600, 0x92040000)
    rw space 12288K,  62% used [0x92040000, 0x927cc2b0, 0x927cc400, 0x92c40000)
Event: 0.672 GC heap after
Heap after GC invocations=1 (full 0):
 def new generation   total 4800K, used 512K [0x6a040000, 0x6a570000, 0x74790000)
  eden space 4288K,   0% used [0x6a040000, 0x6a040000, 0x6a470000)
  from space 512K, 100% used [0x6a4f0000, 0x6a570000, 0x6a570000)
  to   space 512K,   0% used [0x6a470000, 0x6a470000, 0x6a4f0000)
 tenured generation   total 10752K, used 300K [0x74790000, 0x75210000, 0x89640000)
   the space 10752K,   2% used [0x74790000, 0x747db3b8, 0x747db400, 0x75210000)
 compacting perm gen  total 16384K, used 1604K [0x89640000, 0x8a640000, 0x91640000)
   the space 16384K,   9% used [0x89640000, 0x897d10e8, 0x897d1200, 0x8a640000)
    ro space 10240K,  56% used [0x91640000, 0x91bdd4c8, 0x91bdd600, 0x92040000)
    rw space 12288K,  62% used [0x92040000, 0x927cc2b0, 0x927cc400, 0x92c40000)
}
Event: 1.342 GC heap before
{Heap before GC invocations=1 (full 0):
 def new generation   total 4800K, used 4800K [0x6a040000, 0x6a570000, 0x74790000)
  eden space 4288K, 100% used [0x6a040000, 0x6a470000, 0x6a470000)
  from space 512K, 100% used [0x6a4f0000, 0x6a570000, 0x6a570000)
  to   space 512K,   0% used [0x6a470000, 0x6a470000, 0x6a4f0000)
 tenured generation   total 10752K, used 300K [0x74790000, 0x75210000, 0x89640000)
   the space 10752K,   2% used [0x74790000, 0x747db3b8, 0x747db400, 0x75210000)
 compacting perm gen  total 16384K, used 1688K [0x89640000, 0x8a640000, 0x91640000)
   the space 16384K,  10% used [0x89640000, 0x897e6198, 0x897e6200, 0x8a640000)
    ro space 10240K,  56% used [0x91640000, 0x91bdd4c8, 0x91bdd600, 0x92040000)
    rw space 12288K,  62% used [0x92040000, 0x927cc2b0, 0x927cc400, 0x92c40000)
Event: 1.357 GC heap after
Heap after GC invocations=2 (full 0):
 def new generation   total 4800K, used 512K [0x6a040000, 0x6a570000, 0x74790000)
  eden space 4288K,   0% used [0x6a040000, 0x6a040000, 0x6a470000)
  from space 512K, 100% used [0x6a470000, 0x6a4f0000, 0x6a4f0000)
  to   space 512K,   0% used [0x6a4f0000, 0x6a4f0000, 0x6a570000)
 tenured generation   total 10752K, used 2073K [0x74790000, 0x75210000, 0x89640000)
   the space 10752K,  19% used [0x74790000, 0x74996688, 0x74996800, 0x75210000)
 compacting perm gen  total 16384K, used 1688K [0x89640000, 0x8a640000, 0x91640000)
   the space 16384K,  10% used [0x89640000, 0x897e6198, 0x897e6200, 0x8a640000)
    ro space 10240K,  56% used [0x91640000, 0x91bdd4c8, 0x91bdd600, 0x92040000)
    rw space 12288K,  62% used [0x92040000, 0x927cc2b0, 0x927cc400, 0x92c40000)
}

Deoptimization events (1 events):
Event: 0.403 Thread 0x0954b000 Uncommon trap -12 fr.pc 0xb173cb70

Internal exceptions (10 events):
Event: 0.677 Thread 0x0954b000 Threw 0x6a0720a0 at /build/buildd/openjdk-6-6b32-1.13.4/build/openjdk/hotspot/src/share/vm/classfile/systemDictionary.cpp:179
Event: 0.677 Thread 0x0954b000 Threw 0x6a072618 at /build/buildd/openjdk-6-6b32-1.13.4/build/openjdk/hotspot/src/share/vm/prims/jvm.cpp:1235
Event: 0.693 Thread 0x0954b000 Threw 0x6a07ad70 at /build/buildd/openjdk-6-6b32-1.13.4/build/openjdk/hotspot/src/share/vm/classfile/systemDictionary.cpp:179
Event: 0.693 Thread 0x0954b000 Threw 0x6a07b2a0 at /build/buildd/openjdk-6-6b32-1.13.4/build/openjdk/hotspot/src/share/vm/prims/jvm.cpp:1235
Event: 0.693 Thread 0x0954b000 Threw 0x6a07cee8 at /build/buildd/openjdk-6-6b32-1.13.4/build/openjdk/hotspot/src/share/vm/classfile/systemDictionary.cpp:179
Event: 0.693 Thread 0x0954b000 Threw 0x6a07d430 at /build/buildd/openjdk-6-6b32-1.13.4/build/openjdk/hotspot/src/share/vm/prims/jvm.cpp:1235
Event: 0.693 Thread 0x0954b000 Threw 0x6a07ec08 at /build/buildd/openjdk-6-6b32-1.13.4/build/openjdk/hotspot/src/share/vm/classfile/systemDictionary.cpp:179
Event: 0.693 Thread 0x0954b000 Threw 0x6a07f340 at /build/buildd/openjdk-6-6b32-1.13.4/build/openjdk/hotspot/src/share/vm/prims/jvm.cpp:1235
Event: 0.694 Thread 0x0954b000 Threw 0x6a082050 at /build/buildd/openjdk-6-6b32-1.13.4/build/openjdk/hotspot/src/share/vm/classfile/systemDictionary.cpp:179
Event: 0.694 Thread 0x0954b000 Threw 0x6a082370 at /build/buildd/openjdk-6-6b32-1.13.4/build/openjdk/hotspot/src/share/vm/prims/jvm.cpp:1235

Events (10 events):
Event: 0.693 loading class 0x097d1ea8
Event: 0.693 loading class 0x097d1ea8 done
Event: 0.693 loading class 0x097e2850
Event: 0.693 loading class 0x097e2850 done
Event: 0.693 loading class 0x097f8fb0
Event: 0.693 loading class 0x097f8fb0 done
Event: 0.694 loading class 0x097cd590
Event: 0.694 loading class 0x097cd590 done
Event: 1.342 Executing VM operation: GenCollectForAllocation
Event: 1.357 Executing VM operation: GenCollectForAllocation done


Dynamic libraries:
08048000-0816c000 r-xp 00000000 08:01 440199     /home/tome-ikeda/sigverse-2.2.0/bin/sigserver
0816c000-0816d000 r--p 00123000 08:01 440199     /home/tome-ikeda/sigverse-2.2.0/bin/sigserver
0816d000-0816e000 rw-p 00124000 08:01 440199     /home/tome-ikeda/sigverse-2.2.0/bin/sigserver
0816e000-0817c000 rw-p 00000000 00:00 0 
0952f000-09980000 rw-p 00000000 00:00 0          [heap]
6a040000-6a570000 rw-p 00000000 00:00 0 
6a570000-74790000 rw-p 00000000 00:00 0 
74790000-75210000 rw-p 00000000 00:00 0 
75210000-89640000 rw-p 00000000 00:00 0 
89640000-8a640000 rw-p 00000000 00:00 0 
8a640000-91640000 rw-p 00000000 00:00 0 
91640000-91bde000 r--p 00001000 08:01 138299     /usr/lib/jvm/java-6-openjdk-i386/jre/lib/i386/server/classes.jsa
91bde000-92040000 rw-p 00000000 00:00 0 
92040000-927cd000 rw-p 0059f000 08:01 138299     /usr/lib/jvm/java-6-openjdk-i386/jre/lib/i386/server/classes.jsa
927cd000-92c40000 rw-p 00000000 00:00 0 
92c40000-92f4f000 rw-p 00d2c000 08:01 138299     /usr/lib/jvm/java-6-openjdk-i386/jre/lib/i386/server/classes.jsa
92f4f000-93040000 rw-p 00000000 00:00 0 
93040000-93049000 r-xp 0103b000 08:01 138299     /usr/lib/jvm/java-6-openjdk-i386/jre/lib/i386/server/classes.jsa
93049000-93440000 rw-p 00000000 00:00 0 
b087a000-b0900000 rw-p 00000000 00:00 0 
b0900000-b0945000 rw-p 00000000 00:00 0 
b0945000-b0a00000 ---p 00000000 00:00 0 
b0a35000-b0a63000 rw-p 00000000 00:00 0 
b0a63000-b0a64000 r--s 0000c000 08:01 440374     /home/tome-ikeda/sigverse-2.2.0/share/sigverse/jar/xj3d-xml.jar
b0a64000-b0a65000 r--s 00002000 08:01 440373     /home/tome-ikeda/sigverse-2.2.0/share/sigverse/jar/xj3d-xml-util.jar
b0a65000-b0a6d000 r--s 00065000 08:01 440366     /home/tome-ikeda/sigverse-2.2.0/share/sigverse/jar/xj3d-ogl.jar
b0a6d000-b0a74000 r--s 00015000 08:01 440365     /home/tome-ikeda/sigverse-2.2.0/share/sigverse/jar/xj3d-norender.jar
b0a74000-b0a78000 r--s 00018000 08:01 440363     /home/tome-ikeda/sigverse-2.2.0/share/sigverse/jar/xj3d-jsai.jar
b0a78000-b0a7a000 r--s 00012000 08:01 440361     /home/tome-ikeda/sigverse-2.2.0/share/sigverse/jar/xj3d-java-sai.jar
b0a7a000-b0a7c000 r--s 00004000 08:01 440364     /home/tome-ikeda/sigverse-2.2.0/share/sigverse/jar/xj3d-net.jar
b0a7c000-b0a85000 r--s 00069000 08:01 440360     /home/tome-ikeda/sigverse-2.2.0/share/sigverse/jar/xj3d-j3d.jar
b0a85000-b0a86000 r--s 00002000 08:01 440359     /home/tome-ikeda/sigverse-2.2.0/share/sigverse/jar/xj3d-images.jar
b0a86000-b0a8a000 r--s 0000a000 08:01 440370     /home/tome-ikeda/sigverse-2.2.0/share/sigverse/jar/xj3d-sai.jar
b0a8a000-b0a8d000 r--s 0001a000 08:01 440358     /home/tome-ikeda/sigverse-2.2.0/share/sigverse/jar/xj3d-external-sai.jar
b0a8d000-b0a90000 r--s 00028000 08:01 440357     /home/tome-ikeda/sigverse-2.2.0/share/sigverse/jar/xj3d-ecmascript.jar
b0a90000-b0a94000 r--s 0001e000 08:01 440356     /home/tome-ikeda/sigverse-2.2.0/share/sigverse/jar/xj3d-eai.jar
b0a94000-b0a96000 r--s 00005000 08:01 440354     /home/tome-ikeda/sigverse-2.2.0/share/sigverse/jar/xj3d-config.jar
b0a96000-b0a98000 r--s 00008000 08:01 440372     /home/tome-ikeda/sigverse-2.2.0/share/sigverse/jar/xj3d-script-base.jar
b0a98000-b0a9b000 r--s 0001d000 08:01 440369     /home/tome-ikeda/sigverse-2.2.0/share/sigverse/jar/xj3d-runtime.jar
b0a9b000-b0aa2000 r--s 00054000 08:01 137128     /usr/lib/jvm/java-6-openjdk-common/jre/lib/resources.jar
b0aa2000-b0aa3000 r--s 00004000 08:01 440362     /home/tome-ikeda/sigverse-2.2.0/share/sigverse/jar/xj3d-jaxp.jar
b0aa3000-b0aa5000 r--s 00012000 08:01 440371     /home/tome-ikeda/sigverse-2.2.0/share/sigverse/jar/xj3d-sav.jar
b0aa5000-b0aad000 r--s 00029000 08:01 440355     /home/tome-ikeda/sigverse-2.2.0/share/sigverse/jar/xj3d-core.jar
b0aad000-b0aae000 ---p 00000000 00:00 0 
b0aae000-b0b2e000 rw-p 00000000 00:00 0 
b0b2e000-b0b31000 ---p 00000000 00:00 0 
b0b31000-b0b7f000 rw-p 00000000 00:00 0 
b0b7f000-b0b82000 ---p 00000000 00:00 0 
b0b82000-b0c00000 rw-p 00000000 00:00 0 
b0c00000-b0e00000 r--p 00000000 08:01 402149     /usr/lib/locale/locale-archive
b0e00000-b0e21000 rw-p 00000000 00:00 0 
b0e21000-b0f00000 ---p 00000000 00:00 0 
b0f00000-b0f04000 r--s 0003d000 08:01 440367     /home/tome-ikeda/sigverse-2.2.0/share/sigverse/jar/xj3d-parser.jar
b0f04000-b0f06000 r--s 0000c000 08:01 440368     /home/tome-ikeda/sigverse-2.2.0/share/sigverse/jar/xj3d-render.jar
b0f06000-b0f0f000 r--s 000cb000 08:01 440353     /home/tome-ikeda/sigverse-2.2.0/share/sigverse/jar/xj3d-common.jar
b0f0f000-b0f10000 r--s 0000a000 08:01 440350     /home/tome-ikeda/sigverse-2.2.0/share/sigverse/jar/vlc_uri.jar
b0f10000-b0f12000 r--s 00045000 08:01 440349     /home/tome-ikeda/sigverse-2.2.0/share/sigverse/jar/vecmath.jar
b0f12000-b0f14000 r--s 0000b000 08:01 440348     /home/tome-ikeda/sigverse-2.2.0/share/sigverse/jar/uri.jar
b0f14000-b0f16000 r--s 00005000 08:01 440347     /home/tome-ikeda/sigverse-2.2.0/share/sigverse/jar/units-0.01.jar
b0f16000-b0f19000 r--s 00034000 08:01 440343     /home/tome-ikeda/sigverse-2.2.0/share/sigverse/jar/odejava.jar
b0f19000-b0f21000 r--s 0004f000 08:01 440342     /home/tome-ikeda/sigverse-2.2.0/share/sigverse/jar/log4j.jar
b0f21000-b0f27000 r--s 0008c000 08:01 440340     /home/tome-ikeda/sigverse-2.2.0/share/sigverse/jar/js.jar
b0f27000-b0f2e000 r--s 00118000 08:01 440339     /home/tome-ikeda/sigverse-2.2.0/share/sigverse/jar/jogl.jar
b0f2e000-b0f31000 ---p 00000000 00:00 0 
b0f31000-b0faf000 rw-p 00000000 00:00 0 
b0faf000-b0fb2000 ---p 00000000 00:00 0 
b0fb2000-b1000000 rw-p 00000000 00:00 0 
b1000000-b10ed000 rw-p 00000000 00:00 0 
b10ed000-b1100000 ---p 00000000 00:00 0 
b1100000-b1102000 r--s 00001000 08:01 440341     /home/tome-ikeda/sigverse-2.2.0/share/sigverse/jar/jutils.jar
b1102000-b1104000 r--s 00005000 08:01 440338     /home/tome-ikeda/sigverse-2.2.0/share/sigverse/jar/joal.jar
b1104000-b1106000 r--s 00008000 08:01 440337     /home/tome-ikeda/sigverse-2.2.0/share/sigverse/jar/jinput.jar
b1106000-b110e000 r--s 00063000 08:01 440336     /home/tome-ikeda/sigverse-2.2.0/share/sigverse/jar/j3d-org.jar
b110e000-b1137000 r--s 00284000 08:01 440334     /home/tome-ikeda/sigverse-2.2.0/share/sigverse/jar/gt2-main.jar
b1137000-b1144000 r--s 0002d000 08:01 440332     /home/tome-ikeda/sigverse-2.2.0/share/sigverse/jar/geoapi.jar
b1144000-b1147000 ---p 00000000 00:00 0 
b1147000-b1195000 rw-p 00000000 00:00 0 
b1195000-b1198000 ---p 00000000 00:00 0 
b1198000-b11e6000 rw-p 00000000 00:00 0 
b11e6000-b11e7000 ---p 00000000 00:00 0 
b11e7000-b1267000 rw-p 00000000 00:00 0 
b1267000-b13fd000 r--s 01a15000 08:01 137876     /usr/lib/jvm/java-6-openjdk-i386/jre/lib/rt.jar
b13fd000-b1406000 rw-p 00000000 00:00 0 
b1406000-b143e000 rw-p 00000000 00:00 0 
b143e000-b1444000 rw-p 00000000 00:00 0 
b1444000-b14e6000 rw-p 00000000 00:00 0 
b14e6000-b14e9000 rw-p 00000000 00:00 0 
b14e9000-b1539000 rw-p 00000000 00:00 0 
b1539000-b153f000 rw-p 00000000 00:00 0 
b153f000-b15e1000 rw-p 00000000 00:00 0 
b15e1000-b15e9000 rw-p 00000000 00:00 0 
b15e9000-b1621000 rw-p 00000000 00:00 0 
b1621000-b1636000 rw-p 00000000 00:00 0 
b1636000-b16ed000 rw-p 00000000 00:00 0 
b16ed000-b192d000 rwxp 00000000 00:00 0 
b192d000-b46ed000 rw-p 00000000 00:00 0 
b46ed000-b4701000 r-xp 00000000 08:01 918544     /lib/i386-linux-gnu/libz.so.1.2.3.4
b4701000-b4702000 r--p 00013000 08:01 918544     /lib/i386-linux-gnu/libz.so.1.2.3.4
b4702000-b4703000 rw-p 00014000 08:01 918544     /lib/i386-linux-gnu/libz.so.1.2.3.4
b4704000-b4707000 r--s 00031000 08:01 440335     /home/tome-ikeda/sigverse-2.2.0/share/sigverse/jar/httpclient.jar
b4707000-b4708000 r--s 00005000 08:01 440333     /home/tome-ikeda/sigverse-2.2.0/share/sigverse/jar/gnu-regexp-1.0.8.jar
b4708000-b470c000 r--s 00039000 08:01 440329     /home/tome-ikeda/sigverse-2.2.0/share/sigverse/jar/dis.jar
b470c000-b4715000 r--s 00081000 08:01 440328     /home/tome-ikeda/sigverse-2.2.0/share/sigverse/jar/aviatrix3d-all.jar
b4715000-b471a000 r--s 0003c000 08:01 440326     /home/tome-ikeda/sigverse-2.2.0/share/sigverse/jar/FastInfoset.jar
b471a000-b471b000 r--s 00001000 08:01 440351     /home/tome-ikeda/sigverse-2.2.0/share/sigverse/jar/xj3d-all.jar
b471b000-b471c000 r--s 00004000 08:01 440327     /home/tome-ikeda/sigverse-2.2.0/share/sigverse/jar/X3DParser.jar
b471c000-b471f000 r--s 00031000 08:01 137098     /usr/lib/jvm/java-6-openjdk-common/jre/lib/ext/sunjce_provider.jar
b471f000-b4721000 r--s 00001000 08:01 137095     /usr/lib/jvm/java-6-openjdk-common/jre/lib/ext/dnsns.jar
b4721000-b4724000 r--s 00077000 08:01 137097     /usr/lib/jvm/java-6-openjdk-common/jre/lib/ext/localedata.jar
b4724000-b472f000 r-xp 00000000 08:01 941603     /lib/i386-linux-gnu/libnss_files-2.15.so
b472f000-b4730000 r--p 0000a000 08:01 941603     /lib/i386-linux-gnu/libnss_files-2.15.so
b4730000-b4731000 rw-p 0000b000 08:01 941603     /lib/i386-linux-gnu/libnss_files-2.15.so
b4731000-b473b000 r-xp 00000000 08:01 941615     /lib/i386-linux-gnu/libnss_nis-2.15.so
b473b000-b473c000 r--p 00009000 08:01 941615     /lib/i386-linux-gnu/libnss_nis-2.15.so
b473c000-b473d000 rw-p 0000a000 08:01 941615     /lib/i386-linux-gnu/libnss_nis-2.15.so
b473d000-b4753000 r-xp 00000000 08:01 922145     /lib/i386-linux-gnu/libnsl-2.15.so
b4753000-b4754000 r--p 00015000 08:01 922145     /lib/i386-linux-gnu/libnsl-2.15.so
b4754000-b4755000 rw-p 00016000 08:01 922145     /lib/i386-linux-gnu/libnsl-2.15.so
b4755000-b4757000 rw-p 00000000 00:00 0 
b4757000-b475e000 r-xp 00000000 08:01 941609     /lib/i386-linux-gnu/libnss_compat-2.15.so
b475e000-b475f000 r--p 00006000 08:01 941609     /lib/i386-linux-gnu/libnss_compat-2.15.so
b475f000-b4760000 rw-p 00007000 08:01 941609     /lib/i386-linux-gnu/libnss_compat-2.15.so
b4760000-b4761000 r--s 00003000 08:01 440331     /home/tome-ikeda/sigverse-2.2.0/share/sigverse/jar/dxinput.jar
b4761000-b4762000 r--s 00007000 08:01 553237     /usr/share/java/java-atk-wrapper.jar
b4762000-b4766000 r--s 00039000 08:01 137099     /usr/lib/jvm/java-6-openjdk-common/jre/lib/ext/sunpkcs11.jar
b4766000-b4768000 r--s 0000f000 08:01 137096     /usr/lib/jvm/java-6-openjdk-common/jre/lib/ext/pulse-java.jar
b4768000-b476f000 rw-p 00000000 00:00 0 
b476f000-b4777000 r-xp 00000000 08:01 137837     /usr/lib/jvm/java-6-openjdk-i386/jre/lib/i386/libzip.so
b4777000-b4778000 r--p 00007000 08:01 137837     /usr/lib/jvm/java-6-openjdk-i386/jre/lib/i386/libzip.so
b4778000-b4779000 rw-p 00008000 08:01 137837     /usr/lib/jvm/java-6-openjdk-i386/jre/lib/i386/libzip.so
b4779000-b4781000 rw-s 00000000 08:01 798416     /tmp/hsperfdata_tome-ikeda/13643
b4781000-b47a9000 r-xp 00000000 08:01 137824     /usr/lib/jvm/java-6-openjdk-i386/jre/lib/i386/libjava.so
b47a9000-b47aa000 r--p 00027000 08:01 137824     /usr/lib/jvm/java-6-openjdk-i386/jre/lib/i386/libjava.so
b47aa000-b47ac000 rw-p 00028000 08:01 137824     /usr/lib/jvm/java-6-openjdk-i386/jre/lib/i386/libjava.so
b47ac000-b47ad000 ---p 00000000 00:00 0 
b47ad000-b4fb0000 rw-p 00000000 00:00 0 
b4fb0000-b611f000 r-xp 00000000 08:01 419442     /usr/lib/libicudata.so.48.1.1
b611f000-b6120000 r--p 0116e000 08:01 419442     /usr/lib/libicudata.so.48.1.1
b6120000-b6121000 rw-p 0116f000 08:01 419442     /usr/lib/libicudata.so.48.1.1
b6121000-b6276000 r-xp 00000000 08:01 419440     /usr/lib/libicuuc.so.48.1.1
b6276000-b6280000 r--p 00155000 08:01 419440     /usr/lib/libicuuc.so.48.1.1
b6280000-b6281000 rw-p 0015f000 08:01 419440     /usr/lib/libicuuc.so.48.1.1
b6281000-b6285000 rw-p 00000000 00:00 0 
b6285000-b6288000 r-xp 00000000 08:01 922174     /lib/i386-linux-gnu/libdl-2.15.so
b6288000-b6289000 r--p 00002000 08:01 922174     /lib/i386-linux-gnu/libdl-2.15.so
b6289000-b628a000 rw-p 00003000 08:01 922174     /lib/i386-linux-gnu/libdl-2.15.so
b628a000-b642e000 r-xp 00000000 08:01 922152     /lib/i386-linux-gnu/libc-2.15.so
b642e000-b6430000 r--p 001a4000 08:01 922152     /lib/i386-linux-gnu/libc-2.15.so
b6430000-b6431000 rw-p 001a6000 08:01 922152     /lib/i386-linux-gnu/libc-2.15.so
b6431000-b6435000 rw-p 00000000 00:00 0 
b6435000-b6451000 r-xp 00000000 08:01 918454     /lib/i386-linux-gnu/libgcc_s.so.1
b6451000-b6452000 r--p 0001b000 08:01 918454     /lib/i386-linux-gnu/libgcc_s.so.1
b6452000-b6453000 rw-p 0001c000 08:01 918454     /lib/i386-linux-gnu/libgcc_s.so.1
b6453000-b647d000 r-xp 00000000 08:01 941607     /lib/i386-linux-gnu/libm-2.15.so
b647d000-b647e000 r--p 00029000 08:01 941607     /lib/i386-linux-gnu/libm-2.15.so
b647e000-b647f000 rw-p 0002a000 08:01 941607     /lib/i386-linux-gnu/libm-2.15.so
b647f000-b6557000 r-xp 00000000 08:01 398309     /usr/lib/i386-linux-gnu/libstdc++.so.6.0.16
b6557000-b6558000 ---p 000d8000 08:01 398309     /usr/lib/i386-linux-gnu/libstdc++.so.6.0.16
b6558000-b655c000 r--p 000d8000 08:01 398309     /usr/lib/i386-linux-gnu/libstdc++.so.6.0.16
b655c000-b655d000 rw-p 000dc000 08:01 398309     /usr/lib/i386-linux-gnu/libstdc++.so.6.0.16
b655d000-b6564000 rw-p 00000000 00:00 0 
b6564000-b68ba000 r-xp 00000000 08:01 419475     /usr/lib/libxerces-c.so.28.0
b68ba000-b68c8000 r--p 00355000 08:01 419475     /usr/lib/libxerces-c.so.28.0
b68c8000-b68ea000 rw-p 00363000 08:01 419475     /usr/lib/libxerces-c.so.28.0
b68ea000-b69c8000 r-xp 00000000 08:01 553252     /usr/local/lib/libode.so.3.0.0
b69c8000-b69c9000 ---p 000de000 08:01 553252     /usr/local/lib/libode.so.3.0.0
b69c9000-b69ca000 r--p 000de000 08:01 553252     /usr/local/lib/libode.so.3.0.0
b69ca000-b69cb000 rw-p 000df000 08:01 553252     /usr/local/lib/libode.so.3.0.0
b69cb000-b69d0000 rw-p 00000000 00:00 0 
b69d0000-b69e7000 r-xp 00000000 08:01 941605     /lib/i386-linux-gnu/libpthread-2.15.so
b69e7000-b69e8000 r--p 00016000 08:01 941605     /lib/i386-linux-gnu/libpthread-2.15.so
b69e8000-b69e9000 rw-p 00017000 08:01 941605     /lib/i386-linux-gnu/libpthread-2.15.so
b69e9000-b69eb000 rw-p 00000000 00:00 0 
b69eb000-b69ec000 r--p 005e0000 08:01 402149     /usr/lib/locale/locale-archive
b69ec000-b69f3000 rw-p 00000000 00:00 0 
b69f3000-b69f4000 r--p 00000000 00:00 0 
b69f4000-b6a00000 r-xp 00000000 08:01 137836     /usr/lib/jvm/java-6-openjdk-i386/jre/lib/i386/libverify.so
b6a00000-b6a01000 r--p 0000b000 08:01 137836     /usr/lib/jvm/java-6-openjdk-i386/jre/lib/i386/libverify.so
b6a01000-b6a02000 rw-p 0000c000 08:01 137836     /usr/lib/jvm/java-6-openjdk-i386/jre/lib/i386/libverify.so
b6a02000-b6a09000 r-xp 00000000 08:01 941614     /lib/i386-linux-gnu/librt-2.15.so
b6a09000-b6a0a000 r--p 00006000 08:01 941614     /lib/i386-linux-gnu/librt-2.15.so
b6a0a000-b6a0b000 rw-p 00007000 08:01 941614     /lib/i386-linux-gnu/librt-2.15.so
b6a0b000-b6a0c000 rw-p 00000000 00:00 0 
b6a0c000-b72f4000 r-xp 00000000 08:01 137849     /usr/lib/jvm/java-6-openjdk-i386/jre/lib/i386/server/libjvm.so
b72f4000-b733b000 r--p 008e8000 08:01 137849     /usr/lib/jvm/java-6-openjdk-i386/jre/lib/i386/server/libjvm.so
b733b000-b734f000 rw-p 0092f000 08:01 137849     /usr/lib/jvm/java-6-openjdk-i386/jre/lib/i386/server/libjvm.so
b734f000-b776d000 rw-p 00000000 00:00 0 
b776d000-b776e000 r-xp 00000000 00:00 0          [vdso]
b776e000-b778e000 r-xp 00000000 08:01 941613     /lib/i386-linux-gnu/ld-2.15.so
b778e000-b778f000 r--p 0001f000 08:01 941613     /lib/i386-linux-gnu/ld-2.15.so
b778f000-b7790000 rw-p 00020000 08:01 941613     /lib/i386-linux-gnu/ld-2.15.so
bfa36000-bfa39000 ---p 00000000 00:00 0 
bfa3a000-bfa86000 rw-p 00000000 00:00 0          [stack]

VM Arguments:
jvm_args: -Djava.library.path=/tmp 
java_command: <unknown>
Launcher Type: generic

Environment Variables:
PATH=/opt/ros/groovy/bin:/usr/lib/lightdm/lightdm:/usr/local/sbin:/usr/local/bin:/usr/sbin:/usr/bin:/sbin:/bin:/usr/games:/home/tome-ikeda/sigverse-2.2.0/bin:/home/tome-ikeda/sigverse-2.2.0/bin
LD_LIBRARY_PATH=/usr/lib/jvm/java-6-openjdk-i386/jre/lib/i386/server:/opt/ros/groovy/lib
SHELL=/bin/bash
DISPLAY=:0

Signal Handlers:
SIGSEGV: [libjvm.so+0x719af0], sa_mask[0]=0x7ffbfeff, sa_flags=0x10000004
SIGBUS: [libjvm.so+0x719af0], sa_mask[0]=0x7ffbfeff, sa_flags=0x10000004
SIGFPE: [libjvm.so+0x5bf500], sa_mask[0]=0x7ffbfeff, sa_flags=0x10000004
SIGPIPE: [libjvm.so+0x5bf500], sa_mask[0]=0x7ffbfeff, sa_flags=0x10000004
SIGXFSZ: [libjvm.so+0x5bf500], sa_mask[0]=0x7ffbfeff, sa_flags=0x10000004
SIGILL: [libjvm.so+0x5bf500], sa_mask[0]=0x7ffbfeff, sa_flags=0x10000004
SIGUSR1: SIG_DFL, sa_mask[0]=0x00000000, sa_flags=0x00000000
SIGUSR2: [libjvm.so+0x5bf390], sa_mask[0]=0x00000000, sa_flags=0x10000004
SIGHUP: [libjvm.so+0x5bf9f0], sa_mask[0]=0x7ffbfeff, sa_flags=0x10000004
SIGINT: [libjvm.so+0x5bf9f0], sa_mask[0]=0x7ffbfeff, sa_flags=0x10000004
SIGTERM: [libjvm.so+0x5bf9f0], sa_mask[0]=0x7ffbfeff, sa_flags=0x10000004
SIGQUIT: [libjvm.so+0x5bf9f0], sa_mask[0]=0x7ffbfeff, sa_flags=0x10000004


---------------  S Y S T E M  ---------------

OS:Ubuntu 12.04 (precise)
uname:Linux 3.2.0-69-generic-pae #103-Ubuntu SMP Tue Sep 2 05:15:53 UTC 2014 i686
libc:glibc 2.15 NPTL 2.15 
rlimit: STACK 8192k, CORE 0k, NPROC 7891, NOFILE 4096, AS infinity
load average:19.29 19.12 16.86

/proc/meminfo:
MemTotal:        1024744 kB
MemFree:          122352 kB
Buffers:           36816 kB
Cached:           316276 kB
SwapCached:        20536 kB
Active:           387840 kB
Inactive:         429852 kB
Active(anon):     218080 kB
Inactive(anon):   248272 kB
Active(file):     169760 kB
Inactive(file):   181580 kB
Unevictable:           0 kB
Mlocked:               0 kB
HighTotal:        135048 kB
HighFree:           1796 kB
LowTotal:         889696 kB
LowFree:          120556 kB
SwapTotal:       1046524 kB
SwapFree:         977864 kB
Dirty:               148 kB
Writeback:             0 kB
AnonPages:        448968 kB
Mapped:            86164 kB
Shmem:              1700 kB
Slab:              35724 kB
SReclaimable:      20500 kB
SUnreclaim:        15224 kB
KernelStack:        3520 kB
PageTables:         8776 kB
NFS_Unstable:          0 kB
Bounce:                0 kB
WritebackTmp:          0 kB
CommitLimit:     1558896 kB
Committed_AS:    3319168 kB
VmallocTotal:     122880 kB
VmallocUsed:       22492 kB
VmallocChunk:      72360 kB
HardwareCorrupted:     0 kB
AnonHugePages:         0 kB
HugePages_Total:       0
HugePages_Free:        0
HugePages_Rsvd:        0
HugePages_Surp:        0
Hugepagesize:       2048 kB
DirectMap4k:       32760 kB
DirectMap2M:      880640 kB


CPU:total 1 (1 cores per cpu, 1 threads per core) family 6 model 58 stepping 9, cmov, cx8, fxsr, mmx, sse, sse2, sse3, ssse3, sse4.1, sse4.2, popcnt, avx, tsc, tscinvbit, tscinv

/proc/cpuinfo:
processor	: 0
vendor_id	: GenuineIntel
cpu family	: 6
model		: 58
model name	: Intel(R) Core(TM) i7-3540M CPU @ 3.00GHz
stepping	: 9
microcode	: 0x15
cpu MHz		: 2993.280
cache size	: 4096 KB
fdiv_bug	: no
hlt_bug		: no
f00f_bug	: no
coma_bug	: no
fpu		: yes
fpu_exception	: yes
cpuid level	: 13
wp		: yes
flags		: fpu vme de pse tsc msr pae mce cx8 apic sep mtrr pge mca cmov pat pse36 clflush dts mmx fxsr sse sse2 ss nx rdtscp lm constant_tsc up arch_perfmon pebs bts xtopology tsc_reliable nonstop_tsc aperfmperf pni pclmulqdq ssse3 cx16 pcid sse4_1 sse4_2 x2apic popcnt aes xsave avx f16c rdrand hypervisor lahf_lm ida arat epb xsaveopt pln pts dtherm fsgsbase smep
bogomips	: 5986.56
clflush size	: 64
cache_alignment	: 64
address sizes	: 40 bits physical, 48 bits virtual
power management:



Memory: 4k page, physical 1024744k(122352k free), swap 1046524k(977864k free)

vm_info: OpenJDK Server VM (23.25-b01) for linux-x86 JRE (1.6.0_32-b32), built on Aug  6 2014 17:04:30 by "buildd" with gcc 4.6.3

time: Mon Mar  2 07:04:20 2015
elapsed time: 1 seconds

