#
# A fatal error has been detected by the Java Runtime Environment:
#
#  SIGSEGV (0xb) at pc=0x08050eda, pid=13629, tid=3036755712
#
# JRE version: 6.0_32-b32
# Java VM: OpenJDK Server VM (23.25-b01 mixed mode, sharing linux-x86 )
# Derivative: IcedTea6 1.13.4
# Distribution: Ubuntu 12.04 LTS, package 6b32-1.13.4-4ubuntu0.12.04.2
# Problematic frame:
# C  [sigserver+0x8eda]  _ZNKSt9basic_iosIcSt11char_traitsIcEE4failEv@@GLIBCXX_3.4+0x8eda
#
# Failed to write core dump. Core dumps have been disabled. To enable core dumping, try "ulimit -c unlimited" before starting Java again
#
# If you would like to submit a bug report, please include
# instructions how to reproduce the bug and visit:
#   https://bugs.launchpad.net/ubuntu/+source/openjdk-6/
# The crash happened outside the Java Virtual Machine in native code.
# See problematic frame for where to report the bug.
#

---------------  T H R E A D  ---------------

Current thread (0x0924c000):  JavaThread "main" [_thread_in_native, id=13629, stack(0xbff4b000,0xbff9b000)]

siginfo:si_signo=SIGSEGV: si_errno=0, si_code=1 (SEGV_MAPERR), si_addr=0x000000b4

Registers:
EAX=0x00000000, EBX=0x09155c90, ECX=0xb6495450, EDX=0x080bc348
ESP=0xbff96df8, EBP=0xbff96df8, ESI=0x00000000, EDI=0x00000000
EIP=0x08050eda, EFLAGS=0x00210206, CR2=0x000000b4

Top of Stack: (sp=0xbff96df8)
0xbff96df8:   bff97188 0804f4f3 00000000 08106bbc
0xbff96e08:   09218a44 00000000 40180000 00000000
0xbff96e18:   00000000 00000000 00000000 00000001
0xbff96e28:   bff96e58 080e23d3 0953d7cc 00000000
0xbff96e38:   bff96e58 080d14cc 0956480c bff96ef4
0xbff96e48:   00000000 00000000 b65749a7 b65c0ff4
0xbff96e58:   00000001 b6365ce1 0956480c 00000000
0xbff96e68:   bff96f4a 20c86a00 0953d8b8 00000001 

Instructions: (pc=0x08050eda)
0x08050eba:   89 04 24 e8 3e fe ff ff c9 c3 55 89 e5 8b 45 08
0x08050eca:   0f b6 80 a8 00 00 00 5d c3 90 55 89 e5 8b 45 08
0x08050eda:   8b 80 b4 00 00 00 5d c3 55 89 e5 83 ec 04 8b 45
0x08050eea:   0c 88 45 fc 8b 45 08 0f b6 55 fc 88 90 14 01 00 

Register to memory mapping:

EAX=0x00000000 is an unknown value
EBX=0x09155c90 is an unknown value
ECX=0xb6495450: <offset 0x1a6450> in /lib/i386-linux-gnu/libc.so.6 at 0xb62ef000
EDX=0x080bc348: <offset 0x74348> in /home/tome-ikeda/sigverse-2.2.0/bin/sigserver at 0x08048000
ESP=0xbff96df8 is pointing into the stack for thread: 0x0924c000
EBP=0xbff96df8 is pointing into the stack for thread: 0x0924c000
ESI=0x00000000 is an unknown value
EDI=0x00000000 is an unknown value


Stack: [0xbff4b000,0xbff9b000],  sp=0xbff96df8,  free space=303k
Native frames: (J=compiled Java code, j=interpreted, Vv=VM code, C=native code)
C  [sigserver+0x8eda]  _ZNKSt9basic_iosIcSt11char_traitsIcEE4failEv@@GLIBCXX_3.4+0x8eda
C  [sigserver+0x74f3]  _ZNKSt9basic_iosIcSt11char_traitsIcEE4failEv@@GLIBCXX_3.4+0x74f3
C  [sigserver+0x1be2b]  _ZNKSt9basic_iosIcSt11char_traitsIcEE4failEv@@GLIBCXX_3.4+0x1be2b
C  [sigserver+0x7fea6]  _ZNKSt9basic_iosIcSt11char_traitsIcEE4failEv@@GLIBCXX_3.4+0x7fea6
C  [sigserver+0x3cd90]  _ZNKSt9basic_iosIcSt11char_traitsIcEE4failEv@@GLIBCXX_3.4+0x3cd90
C  [sigserver+0x3bd1a]  _ZNKSt9basic_iosIcSt11char_traitsIcEE4failEv@@GLIBCXX_3.4+0x3bd1a
C  [sigserver+0x3c689]  _ZNKSt9basic_iosIcSt11char_traitsIcEE4failEv@@GLIBCXX_3.4+0x3c689


---------------  P R O C E S S  ---------------

Java Threads: ( => current thread )
  0x091f7c00 JavaThread "Low Memory Detector" daemon [_thread_blocked, id=13637, stack(0xb0bad000,0xb0bfe000)]
  0x09258400 JavaThread "C2 CompilerThread1" daemon [_thread_blocked, id=13636, stack(0xb0bfe000,0xb0c7f000)]
  0x09255000 JavaThread "C2 CompilerThread0" daemon [_thread_blocked, id=13635, stack(0xb0c7f000,0xb0d00000)]
  0x09252800 JavaThread "Signal Dispatcher" daemon [_thread_blocked, id=13634, stack(0xb100d000,0xb105e000)]
  0x0917f400 JavaThread "Finalizer" daemon [_thread_blocked, id=13633, stack(0xb105e000,0xb10af000)]
  0x091ff400 JavaThread "Reference Handler" daemon [_thread_blocked, id=13632, stack(0xb10af000,0xb1100000)]
=>0x0924c000 JavaThread "main" [_thread_in_native, id=13629, stack(0xbff4b000,0xbff9b000)]

Other Threads:
  0x0921f800 VMThread [stack: 0xb124b000,0xb12cc000] [id=13631]
  0x091f9c00 WatcherThread [stack: 0xb0b2c000,0xb0bad000] [id=13638]

VM state:not at safepoint (normal execution)

VM Mutex/Monitor currently owned by a thread: None

Heap
 def new generation   total 4800K, used 3131K [0x6a040000, 0x6a570000, 0x74790000)
  eden space 4288K,  61% used [0x6a040000, 0x6a2cedb0, 0x6a470000)
  from space 512K, 100% used [0x6a470000, 0x6a4f0000, 0x6a4f0000)
  to   space 512K,   0% used [0x6a4f0000, 0x6a4f0000, 0x6a570000)
 tenured generation   total 10752K, used 2073K [0x74790000, 0x75210000, 0x89640000)
   the space 10752K,  19% used [0x74790000, 0x74996688, 0x74996800, 0x75210000)
 compacting perm gen  total 16384K, used 1703K [0x89640000, 0x8a640000, 0x91640000)
   the space 16384K,  10% used [0x89640000, 0x897e9fa8, 0x897ea000, 0x8a640000)
    ro space 10240K,  56% used [0x91640000, 0x91bdd4c8, 0x91bdd600, 0x92040000)
    rw space 12288K,  62% used [0x92040000, 0x927cc2b0, 0x927cc400, 0x92c40000)

Card table byte_map: [0xb154b000,0xb1692000] byte_map_base: 0xb11fae00

Polling page: 0xb6a58000

Code Cache  [0xb1752000, 0xb1992000, 0xb4752000)
 total_blobs=181 nmethods=63 adapters=71 free_code_cache=48742Kb largest_free_block=49892992

Compilation events (10 events):
Event: 1.897 Thread 0x09255000   57             org.web3d.vrml.nodes.proto.AbstractProto::getFieldDeclaration (14 bytes)
Event: 1.898 Thread 0x09255000 nmethod 57 0xb17b6d08 code [0xb17b6e00, 0xb17b6ef0]
Event: 1.915 Thread 0x09255000   58             sun.reflect.ClassFileAssembler::emitByte (11 bytes)
Event: 1.916 Thread 0x09255000 nmethod 58 0xb17b6988 code [0xb17b6aa0, 0xb17b6b9c]
Event: 1.916 Thread 0x09255000   59             sun.reflect.ByteVectorImpl::add (38 bytes)
Event: 1.917 Thread 0x09255000 nmethod 59 0xb17b4b88 code [0xb17b4c80, 0xb17b4d3c]
Event: 1.917 Thread 0x09255000   60             java.util.ArrayList::size (5 bytes)
Event: 1.917 Thread 0x09255000 nmethod 60 0xb17b6808 code [0xb17b68e0, 0xb17b6930]
Event: 1.936 Thread 0x09255000   61             org.web3d.util.IntHashMap::get (54 bytes)
Event: 1.937 Thread 0x09255000 nmethod 61 0xb17b64c8 code [0xb17b65c0, 0xb17b6670]

GC Heap History (4 events):
Event: 0.758 GC heap before
{Heap before GC invocations=0 (full 0):
 def new generation   total 4800K, used 4283K [0x6a040000, 0x6a570000, 0x74790000)
  eden space 4288K,  99% used [0x6a040000, 0x6a46ee38, 0x6a470000)
  from space 512K,   0% used [0x6a470000, 0x6a470000, 0x6a4f0000)
  to   space 512K,   0% used [0x6a4f0000, 0x6a4f0000, 0x6a570000)
 tenured generation   total 10752K, used 0K [0x74790000, 0x75210000, 0x89640000)
   the space 10752K,   0% used [0x74790000, 0x74790000, 0x74790200, 0x75210000)
 compacting perm gen  total 16384K, used 1604K [0x89640000, 0x8a640000, 0x91640000)
   the space 16384K,   9% used [0x89640000, 0x897d10e8, 0x897d1200, 0x8a640000)
    ro space 10240K,  56% used [0x91640000, 0x91bdd4c8, 0x91bdd600, 0x92040000)
    rw space 12288K,  62% used [0x92040000, 0x927cc2b0, 0x927cc400, 0x92c40000)
Event: 0.763 GC heap after
Heap after GC invocations=1 (full 0):
 def new generation   total 4800K, used 512K [0x6a040000, 0x6a570000, 0x74790000)
  eden space 4288K,   0% used [0x6a040000, 0x6a040000, 0x6a470000)
  from space 512K, 100% used [0x6a4f0000, 0x6a570000, 0x6a570000)
  to   space 512K,   0% used [0x6a470000, 0x6a470000, 0x6a4f0000)
 tenured generation   total 10752K, used 300K [0x74790000, 0x75210000, 0x89640000)
   the space 10752K,   2% used [0x74790000, 0x747db3b8, 0x747db400, 0x75210000)
 compacting perm gen  total 16384K, used 1604K [0x89640000, 0x8a640000, 0x91640000)
   the space 16384K,   9% used [0x89640000, 0x897d10e8, 0x897d1200, 0x8a640000)
    ro space 10240K,  56% used [0x91640000, 0x91bdd4c8, 0x91bdd600, 0x92040000)
    rw space 12288K,  62% used [0x92040000, 0x927cc2b0, 0x927cc400, 0x92c40000)
}
Event: 1.526 GC heap before
{Heap before GC invocations=1 (full 0):
 def new generation   total 4800K, used 4800K [0x6a040000, 0x6a570000, 0x74790000)
  eden space 4288K, 100% used [0x6a040000, 0x6a470000, 0x6a470000)
  from space 512K, 100% used [0x6a4f0000, 0x6a570000, 0x6a570000)
  to   space 512K,   0% used [0x6a470000, 0x6a470000, 0x6a4f0000)
 tenured generation   total 10752K, used 300K [0x74790000, 0x75210000, 0x89640000)
   the space 10752K,   2% used [0x74790000, 0x747db3b8, 0x747db400, 0x75210000)
 compacting perm gen  total 16384K, used 1688K [0x89640000, 0x8a640000, 0x91640000)
   the space 16384K,  10% used [0x89640000, 0x897e6118, 0x897e6200, 0x8a640000)
    ro space 10240K,  56% used [0x91640000, 0x91bdd4c8, 0x91bdd600, 0x92040000)
    rw space 12288K,  62% used [0x92040000, 0x927cc2b0, 0x927cc400, 0x92c40000)
Event: 1.542 GC heap after
Heap after GC invocations=2 (full 0):
 def new generation   total 4800K, used 512K [0x6a040000, 0x6a570000, 0x74790000)
  eden space 4288K,   0% used [0x6a040000, 0x6a040000, 0x6a470000)
  from space 512K, 100% used [0x6a470000, 0x6a4f0000, 0x6a4f0000)
  to   space 512K,   0% used [0x6a4f0000, 0x6a4f0000, 0x6a570000)
 tenured generation   total 10752K, used 2073K [0x74790000, 0x75210000, 0x89640000)
   the space 10752K,  19% used [0x74790000, 0x74996688, 0x74996800, 0x75210000)
 compacting perm gen  total 16384K, used 1688K [0x89640000, 0x8a640000, 0x91640000)
   the space 16384K,  10% used [0x89640000, 0x897e6118, 0x897e6200, 0x8a640000)
    ro space 10240K,  56% used [0x91640000, 0x91bdd4c8, 0x91bdd600, 0x92040000)
    rw space 12288K,  62% used [0x92040000, 0x927cc2b0, 0x927cc400, 0x92c40000)
}

Deoptimization events (1 events):
Event: 0.457 Thread 0x0924c000 Uncommon trap -12 fr.pc 0xb17a32b0

Internal exceptions (10 events):
Event: 0.793 Thread 0x0924c000 Threw 0x6a0720a0 at /build/buildd/openjdk-6-6b32-1.13.4/build/openjdk/hotspot/src/share/vm/classfile/systemDictionary.cpp:179
Event: 0.793 Thread 0x0924c000 Threw 0x6a072618 at /build/buildd/openjdk-6-6b32-1.13.4/build/openjdk/hotspot/src/share/vm/prims/jvm.cpp:1235
Event: 0.794 Thread 0x0924c000 Threw 0x6a07ad70 at /build/buildd/openjdk-6-6b32-1.13.4/build/openjdk/hotspot/src/share/vm/classfile/systemDictionary.cpp:179
Event: 0.794 Thread 0x0924c000 Threw 0x6a07b2a0 at /build/buildd/openjdk-6-6b32-1.13.4/build/openjdk/hotspot/src/share/vm/prims/jvm.cpp:1235
Event: 0.794 Thread 0x0924c000 Threw 0x6a07cee8 at /build/buildd/openjdk-6-6b32-1.13.4/build/openjdk/hotspot/src/share/vm/classfile/systemDictionary.cpp:179
Event: 0.794 Thread 0x0924c000 Threw 0x6a07d430 at /build/buildd/openjdk-6-6b32-1.13.4/build/openjdk/hotspot/src/share/vm/prims/jvm.cpp:1235
Event: 0.794 Thread 0x0924c000 Threw 0x6a07ec08 at /build/buildd/openjdk-6-6b32-1.13.4/build/openjdk/hotspot/src/share/vm/classfile/systemDictionary.cpp:179
Event: 0.794 Thread 0x0924c000 Threw 0x6a07f340 at /build/buildd/openjdk-6-6b32-1.13.4/build/openjdk/hotspot/src/share/vm/prims/jvm.cpp:1235
Event: 0.795 Thread 0x0924c000 Threw 0x6a082050 at /build/buildd/openjdk-6-6b32-1.13.4/build/openjdk/hotspot/src/share/vm/classfile/systemDictionary.cpp:179
Event: 0.795 Thread 0x0924c000 Threw 0x6a082370 at /build/buildd/openjdk-6-6b32-1.13.4/build/openjdk/hotspot/src/share/vm/prims/jvm.cpp:1235

Events (10 events):
Event: 0.793 loading class 0x093a25f8
Event: 0.793 loading class 0x093a25f8 done
Event: 0.794 loading class 0x09447250
Event: 0.794 loading class 0x09447250 done
Event: 0.794 loading class 0x094473d0
Event: 0.794 loading class 0x094473d0 done
Event: 0.795 loading class 0x093a4ac8
Event: 0.795 loading class 0x093a4ac8 done
Event: 1.526 Executing VM operation: GenCollectForAllocation
Event: 1.542 Executing VM operation: GenCollectForAllocation done


Dynamic libraries:
08048000-0816c000 r-xp 00000000 08:01 440199     /home/tome-ikeda/sigverse-2.2.0/bin/sigserver
0816c000-0816d000 r--p 00123000 08:01 440199     /home/tome-ikeda/sigverse-2.2.0/bin/sigserver
0816d000-0816e000 rw-p 00124000 08:01 440199     /home/tome-ikeda/sigverse-2.2.0/bin/sigserver
0816e000-0817c000 rw-p 00000000 00:00 0 
09154000-0958d000 rw-p 00000000 00:00 0          [heap]
6a040000-6a570000 rw-p 00000000 00:00 0 
6a570000-74790000 rw-p 00000000 00:00 0 
74790000-75210000 rw-p 00000000 00:00 0 
75210000-89640000 rw-p 00000000 00:00 0 
89640000-8a640000 rw-p 00000000 00:00 0 
8a640000-91640000 rw-p 00000000 00:00 0 
91640000-91bde000 r--p 00001000 08:01 138299     /usr/lib/jvm/java-6-openjdk-i386/jre/lib/i386/server/classes.jsa
91bde000-92040000 rw-p 00000000 00:00 0 
92040000-927cd000 rw-p 0059f000 08:01 138299     /usr/lib/jvm/java-6-openjdk-i386/jre/lib/i386/server/classes.jsa
927cd000-92c40000 rw-p 00000000 00:00 0 
92c40000-92f4f000 rw-p 00d2c000 08:01 138299     /usr/lib/jvm/java-6-openjdk-i386/jre/lib/i386/server/classes.jsa
92f4f000-93040000 rw-p 00000000 00:00 0 
93040000-93049000 r-xp 0103b000 08:01 138299     /usr/lib/jvm/java-6-openjdk-i386/jre/lib/i386/server/classes.jsa
93049000-93440000 rw-p 00000000 00:00 0 
b0900000-b09a0000 rw-p 00000000 00:00 0 
b09a0000-b0a00000 ---p 00000000 00:00 0 
b0a14000-b0ac8000 rw-p 00000000 00:00 0 
b0ac8000-b0ac9000 r--s 0000c000 08:01 440374     /home/tome-ikeda/sigverse-2.2.0/share/sigverse/jar/xj3d-xml.jar
b0ac9000-b0aca000 r--s 00002000 08:01 440373     /home/tome-ikeda/sigverse-2.2.0/share/sigverse/jar/xj3d-xml-util.jar
b0aca000-b0ad2000 r--s 00065000 08:01 440366     /home/tome-ikeda/sigverse-2.2.0/share/sigverse/jar/xj3d-ogl.jar
b0ad2000-b0ad9000 r--s 00015000 08:01 440365     /home/tome-ikeda/sigverse-2.2.0/share/sigverse/jar/xj3d-norender.jar
b0ad9000-b0add000 r--s 00018000 08:01 440363     /home/tome-ikeda/sigverse-2.2.0/share/sigverse/jar/xj3d-jsai.jar
b0add000-b0adf000 r--s 00012000 08:01 440361     /home/tome-ikeda/sigverse-2.2.0/share/sigverse/jar/xj3d-java-sai.jar
b0adf000-b0ae1000 r--s 00004000 08:01 440364     /home/tome-ikeda/sigverse-2.2.0/share/sigverse/jar/xj3d-net.jar
b0ae1000-b0aea000 r--s 00069000 08:01 440360     /home/tome-ikeda/sigverse-2.2.0/share/sigverse/jar/xj3d-j3d.jar
b0aea000-b0aeb000 r--s 00002000 08:01 440359     /home/tome-ikeda/sigverse-2.2.0/share/sigverse/jar/xj3d-images.jar
b0aeb000-b0aef000 r--s 0000a000 08:01 440370     /home/tome-ikeda/sigverse-2.2.0/share/sigverse/jar/xj3d-sai.jar
b0aef000-b0af2000 r--s 0001a000 08:01 440358     /home/tome-ikeda/sigverse-2.2.0/share/sigverse/jar/xj3d-external-sai.jar
b0af2000-b0af5000 r--s 00028000 08:01 440357     /home/tome-ikeda/sigverse-2.2.0/share/sigverse/jar/xj3d-ecmascript.jar
b0af5000-b0af9000 r--s 0001e000 08:01 440356     /home/tome-ikeda/sigverse-2.2.0/share/sigverse/jar/xj3d-eai.jar
b0af9000-b0afb000 r--s 00005000 08:01 440354     /home/tome-ikeda/sigverse-2.2.0/share/sigverse/jar/xj3d-config.jar
b0afb000-b0afd000 r--s 00008000 08:01 440372     /home/tome-ikeda/sigverse-2.2.0/share/sigverse/jar/xj3d-script-base.jar
b0afd000-b0b00000 r--s 0001d000 08:01 440369     /home/tome-ikeda/sigverse-2.2.0/share/sigverse/jar/xj3d-runtime.jar
b0b00000-b0b07000 r--s 00054000 08:01 137128     /usr/lib/jvm/java-6-openjdk-common/jre/lib/resources.jar
b0b07000-b0b08000 r--s 00004000 08:01 440362     /home/tome-ikeda/sigverse-2.2.0/share/sigverse/jar/xj3d-jaxp.jar
b0b08000-b0b0a000 r--s 00012000 08:01 440371     /home/tome-ikeda/sigverse-2.2.0/share/sigverse/jar/xj3d-sav.jar
b0b0a000-b0b12000 r--s 00029000 08:01 440355     /home/tome-ikeda/sigverse-2.2.0/share/sigverse/jar/xj3d-core.jar
b0b12000-b0b16000 r--s 0003d000 08:01 440367     /home/tome-ikeda/sigverse-2.2.0/share/sigverse/jar/xj3d-parser.jar
b0b16000-b0b18000 r--s 0000c000 08:01 440368     /home/tome-ikeda/sigverse-2.2.0/share/sigverse/jar/xj3d-render.jar
b0b18000-b0b21000 r--s 000cb000 08:01 440353     /home/tome-ikeda/sigverse-2.2.0/share/sigverse/jar/xj3d-common.jar
b0b21000-b0b22000 r--s 0000a000 08:01 440350     /home/tome-ikeda/sigverse-2.2.0/share/sigverse/jar/vlc_uri.jar
b0b22000-b0b24000 r--s 00045000 08:01 440349     /home/tome-ikeda/sigverse-2.2.0/share/sigverse/jar/vecmath.jar
b0b24000-b0b2c000 r--s 0004f000 08:01 440342     /home/tome-ikeda/sigverse-2.2.0/share/sigverse/jar/log4j.jar
b0b2c000-b0b2d000 ---p 00000000 00:00 0 
b0b2d000-b0bad000 rw-p 00000000 00:00 0 
b0bad000-b0bb0000 ---p 00000000 00:00 0 
b0bb0000-b0bfe000 rw-p 00000000 00:00 0 
b0bfe000-b0c01000 ---p 00000000 00:00 0 
b0c01000-b0c7f000 rw-p 00000000 00:00 0 
b0c7f000-b0c82000 ---p 00000000 00:00 0 
b0c82000-b0d00000 rw-p 00000000 00:00 0 
b0d00000-b0f00000 r--p 00000000 08:01 402149     /usr/lib/locale/locale-archive
b0f00000-b0f21000 rw-p 00000000 00:00 0 
b0f21000-b1000000 ---p 00000000 00:00 0 
b1000000-b1002000 r--s 0000b000 08:01 440348     /home/tome-ikeda/sigverse-2.2.0/share/sigverse/jar/uri.jar
b1002000-b1004000 r--s 00005000 08:01 440347     /home/tome-ikeda/sigverse-2.2.0/share/sigverse/jar/units-0.01.jar
b1004000-b1007000 r--s 00034000 08:01 440343     /home/tome-ikeda/sigverse-2.2.0/share/sigverse/jar/odejava.jar
b1007000-b100d000 r--s 0008c000 08:01 440340     /home/tome-ikeda/sigverse-2.2.0/share/sigverse/jar/js.jar
b100d000-b1010000 ---p 00000000 00:00 0 
b1010000-b105e000 rw-p 00000000 00:00 0 
b105e000-b1061000 ---p 00000000 00:00 0 
b1061000-b10af000 rw-p 00000000 00:00 0 
b10af000-b10b2000 ---p 00000000 00:00 0 
b10b2000-b1100000 rw-p 00000000 00:00 0 
b1100000-b11f9000 rw-p 00000000 00:00 0 
b11f9000-b1200000 ---p 00000000 00:00 0 
b1200000-b1202000 r--s 00001000 08:01 440341     /home/tome-ikeda/sigverse-2.2.0/share/sigverse/jar/jutils.jar
b1202000-b1209000 r--s 00118000 08:01 440339     /home/tome-ikeda/sigverse-2.2.0/share/sigverse/jar/jogl.jar
b1209000-b120b000 r--s 00005000 08:01 440338     /home/tome-ikeda/sigverse-2.2.0/share/sigverse/jar/joal.jar
b120b000-b120d000 r--s 00008000 08:01 440337     /home/tome-ikeda/sigverse-2.2.0/share/sigverse/jar/jinput.jar
b120d000-b1215000 r--s 00063000 08:01 440336     /home/tome-ikeda/sigverse-2.2.0/share/sigverse/jar/j3d-org.jar
b1215000-b123e000 r--s 00284000 08:01 440334     /home/tome-ikeda/sigverse-2.2.0/share/sigverse/jar/gt2-main.jar
b123e000-b124b000 r--s 0002d000 08:01 440332     /home/tome-ikeda/sigverse-2.2.0/share/sigverse/jar/geoapi.jar
b124b000-b124c000 ---p 00000000 00:00 0 
b124c000-b12cc000 rw-p 00000000 00:00 0 
b12cc000-b1462000 r--s 01a15000 08:01 137876     /usr/lib/jvm/java-6-openjdk-i386/jre/lib/rt.jar
b1462000-b146b000 rw-p 00000000 00:00 0 
b146b000-b14a3000 rw-p 00000000 00:00 0 
b14a3000-b14a9000 rw-p 00000000 00:00 0 
b14a9000-b154b000 rw-p 00000000 00:00 0 
b154b000-b154e000 rw-p 00000000 00:00 0 
b154e000-b159e000 rw-p 00000000 00:00 0 
b159e000-b15a4000 rw-p 00000000 00:00 0 
b15a4000-b1646000 rw-p 00000000 00:00 0 
b1646000-b164e000 rw-p 00000000 00:00 0 
b164e000-b1686000 rw-p 00000000 00:00 0 
b1686000-b169b000 rw-p 00000000 00:00 0 
b169b000-b1752000 rw-p 00000000 00:00 0 
b1752000-b1992000 rwxp 00000000 00:00 0 
b1992000-b4752000 rw-p 00000000 00:00 0 
b4752000-b4766000 r-xp 00000000 08:01 918544     /lib/i386-linux-gnu/libz.so.1.2.3.4
b4766000-b4767000 r--p 00013000 08:01 918544     /lib/i386-linux-gnu/libz.so.1.2.3.4
b4767000-b4768000 rw-p 00014000 08:01 918544     /lib/i386-linux-gnu/libz.so.1.2.3.4
b4769000-b476c000 r--s 00031000 08:01 440335     /home/tome-ikeda/sigverse-2.2.0/share/sigverse/jar/httpclient.jar
b476c000-b476d000 r--s 00005000 08:01 440333     /home/tome-ikeda/sigverse-2.2.0/share/sigverse/jar/gnu-regexp-1.0.8.jar
b476d000-b4771000 r--s 00039000 08:01 440329     /home/tome-ikeda/sigverse-2.2.0/share/sigverse/jar/dis.jar
b4771000-b477a000 r--s 00081000 08:01 440328     /home/tome-ikeda/sigverse-2.2.0/share/sigverse/jar/aviatrix3d-all.jar
b477a000-b477f000 r--s 0003c000 08:01 440326     /home/tome-ikeda/sigverse-2.2.0/share/sigverse/jar/FastInfoset.jar
b477f000-b4780000 r--s 00001000 08:01 440351     /home/tome-ikeda/sigverse-2.2.0/share/sigverse/jar/xj3d-all.jar
b4780000-b4781000 r--s 00004000 08:01 440327     /home/tome-ikeda/sigverse-2.2.0/share/sigverse/jar/X3DParser.jar
b4781000-b4784000 r--s 00031000 08:01 137098     /usr/lib/jvm/java-6-openjdk-common/jre/lib/ext/sunjce_provider.jar
b4784000-b4786000 r--s 00001000 08:01 137095     /usr/lib/jvm/java-6-openjdk-common/jre/lib/ext/dnsns.jar
b4786000-b4789000 r--s 00077000 08:01 137097     /usr/lib/jvm/java-6-openjdk-common/jre/lib/ext/localedata.jar
b4789000-b4794000 r-xp 00000000 08:01 941603     /lib/i386-linux-gnu/libnss_files-2.15.so
b4794000-b4795000 r--p 0000a000 08:01 941603     /lib/i386-linux-gnu/libnss_files-2.15.so
b4795000-b4796000 rw-p 0000b000 08:01 941603     /lib/i386-linux-gnu/libnss_files-2.15.so
b4796000-b47a0000 r-xp 00000000 08:01 941615     /lib/i386-linux-gnu/libnss_nis-2.15.so
b47a0000-b47a1000 r--p 00009000 08:01 941615     /lib/i386-linux-gnu/libnss_nis-2.15.so
b47a1000-b47a2000 rw-p 0000a000 08:01 941615     /lib/i386-linux-gnu/libnss_nis-2.15.so
b47a2000-b47b8000 r-xp 00000000 08:01 922145     /lib/i386-linux-gnu/libnsl-2.15.so
b47b8000-b47b9000 r--p 00015000 08:01 922145     /lib/i386-linux-gnu/libnsl-2.15.so
b47b9000-b47ba000 rw-p 00016000 08:01 922145     /lib/i386-linux-gnu/libnsl-2.15.so
b47ba000-b47bc000 rw-p 00000000 00:00 0 
b47bc000-b47c3000 r-xp 00000000 08:01 941609     /lib/i386-linux-gnu/libnss_compat-2.15.so
b47c3000-b47c4000 r--p 00006000 08:01 941609     /lib/i386-linux-gnu/libnss_compat-2.15.so
b47c4000-b47c5000 rw-p 00007000 08:01 941609     /lib/i386-linux-gnu/libnss_compat-2.15.so
b47c5000-b47c6000 r--s 00003000 08:01 440331     /home/tome-ikeda/sigverse-2.2.0/share/sigverse/jar/dxinput.jar
b47c6000-b47c7000 r--s 00007000 08:01 553237     /usr/share/java/java-atk-wrapper.jar
b47c7000-b47cb000 r--s 00039000 08:01 137099     /usr/lib/jvm/java-6-openjdk-common/jre/lib/ext/sunpkcs11.jar
b47cb000-b47cd000 r--s 0000f000 08:01 137096     /usr/lib/jvm/java-6-openjdk-common/jre/lib/ext/pulse-java.jar
b47cd000-b47d4000 rw-p 00000000 00:00 0 
b47d4000-b47dc000 r-xp 00000000 08:01 137837     /usr/lib/jvm/java-6-openjdk-i386/jre/lib/i386/libzip.so
b47dc000-b47dd000 r--p 00007000 08:01 137837     /usr/lib/jvm/java-6-openjdk-i386/jre/lib/i386/libzip.so
b47dd000-b47de000 rw-p 00008000 08:01 137837     /usr/lib/jvm/java-6-openjdk-i386/jre/lib/i386/libzip.so
b47de000-b47e6000 rw-s 00000000 08:01 798416     /tmp/hsperfdata_tome-ikeda/13629
b47e6000-b480e000 r-xp 00000000 08:01 137824     /usr/lib/jvm/java-6-openjdk-i386/jre/lib/i386/libjava.so
b480e000-b480f000 r--p 00027000 08:01 137824     /usr/lib/jvm/java-6-openjdk-i386/jre/lib/i386/libjava.so
b480f000-b4811000 rw-p 00028000 08:01 137824     /usr/lib/jvm/java-6-openjdk-i386/jre/lib/i386/libjava.so
b4811000-b4812000 ---p 00000000 00:00 0 
b4812000-b5015000 rw-p 00000000 00:00 0 
b5015000-b6184000 r-xp 00000000 08:01 419442     /usr/lib/libicudata.so.48.1.1
b6184000-b6185000 r--p 0116e000 08:01 419442     /usr/lib/libicudata.so.48.1.1
b6185000-b6186000 rw-p 0116f000 08:01 419442     /usr/lib/libicudata.so.48.1.1
b6186000-b62db000 r-xp 00000000 08:01 419440     /usr/lib/libicuuc.so.48.1.1
b62db000-b62e5000 r--p 00155000 08:01 419440     /usr/lib/libicuuc.so.48.1.1
b62e5000-b62e6000 rw-p 0015f000 08:01 419440     /usr/lib/libicuuc.so.48.1.1
b62e6000-b62ea000 rw-p 00000000 00:00 0 
b62ea000-b62ed000 r-xp 00000000 08:01 922174     /lib/i386-linux-gnu/libdl-2.15.so
b62ed000-b62ee000 r--p 00002000 08:01 922174     /lib/i386-linux-gnu/libdl-2.15.so
b62ee000-b62ef000 rw-p 00003000 08:01 922174     /lib/i386-linux-gnu/libdl-2.15.so
b62ef000-b6493000 r-xp 00000000 08:01 922152     /lib/i386-linux-gnu/libc-2.15.so
b6493000-b6495000 r--p 001a4000 08:01 922152     /lib/i386-linux-gnu/libc-2.15.so
b6495000-b6496000 rw-p 001a6000 08:01 922152     /lib/i386-linux-gnu/libc-2.15.so
b6496000-b649a000 rw-p 00000000 00:00 0 
b649a000-b64b6000 r-xp 00000000 08:01 918454     /lib/i386-linux-gnu/libgcc_s.so.1
b64b6000-b64b7000 r--p 0001b000 08:01 918454     /lib/i386-linux-gnu/libgcc_s.so.1
b64b7000-b64b8000 rw-p 0001c000 08:01 918454     /lib/i386-linux-gnu/libgcc_s.so.1
b64b8000-b64e2000 r-xp 00000000 08:01 941607     /lib/i386-linux-gnu/libm-2.15.so
b64e2000-b64e3000 r--p 00029000 08:01 941607     /lib/i386-linux-gnu/libm-2.15.so
b64e3000-b64e4000 rw-p 0002a000 08:01 941607     /lib/i386-linux-gnu/libm-2.15.so
b64e4000-b65bc000 r-xp 00000000 08:01 398309     /usr/lib/i386-linux-gnu/libstdc++.so.6.0.16
b65bc000-b65bd000 ---p 000d8000 08:01 398309     /usr/lib/i386-linux-gnu/libstdc++.so.6.0.16
b65bd000-b65c1000 r--p 000d8000 08:01 398309     /usr/lib/i386-linux-gnu/libstdc++.so.6.0.16
b65c1000-b65c2000 rw-p 000dc000 08:01 398309     /usr/lib/i386-linux-gnu/libstdc++.so.6.0.16
b65c2000-b65c9000 rw-p 00000000 00:00 0 
b65c9000-b691f000 r-xp 00000000 08:01 419475     /usr/lib/libxerces-c.so.28.0
b691f000-b692d000 r--p 00355000 08:01 419475     /usr/lib/libxerces-c.so.28.0
b692d000-b694f000 rw-p 00363000 08:01 419475     /usr/lib/libxerces-c.so.28.0
b694f000-b6a2d000 r-xp 00000000 08:01 553252     /usr/local/lib/libode.so.3.0.0
b6a2d000-b6a2e000 ---p 000de000 08:01 553252     /usr/local/lib/libode.so.3.0.0
b6a2e000-b6a2f000 r--p 000de000 08:01 553252     /usr/local/lib/libode.so.3.0.0
b6a2f000-b6a30000 rw-p 000df000 08:01 553252     /usr/local/lib/libode.so.3.0.0
b6a30000-b6a35000 rw-p 00000000 00:00 0 
b6a35000-b6a4c000 r-xp 00000000 08:01 941605     /lib/i386-linux-gnu/libpthread-2.15.so
b6a4c000-b6a4d000 r--p 00016000 08:01 941605     /lib/i386-linux-gnu/libpthread-2.15.so
b6a4d000-b6a4e000 rw-p 00017000 08:01 941605     /lib/i386-linux-gnu/libpthread-2.15.so
b6a4e000-b6a50000 rw-p 00000000 00:00 0 
b6a50000-b6a51000 r--p 005e0000 08:01 402149     /usr/lib/locale/locale-archive
b6a51000-b6a58000 rw-p 00000000 00:00 0 
b6a58000-b6a59000 r--p 00000000 00:00 0 
b6a59000-b6a65000 r-xp 00000000 08:01 137836     /usr/lib/jvm/java-6-openjdk-i386/jre/lib/i386/libverify.so
b6a65000-b6a66000 r--p 0000b000 08:01 137836     /usr/lib/jvm/java-6-openjdk-i386/jre/lib/i386/libverify.so
b6a66000-b6a67000 rw-p 0000c000 08:01 137836     /usr/lib/jvm/java-6-openjdk-i386/jre/lib/i386/libverify.so
b6a67000-b6a6e000 r-xp 00000000 08:01 941614     /lib/i386-linux-gnu/librt-2.15.so
b6a6e000-b6a6f000 r--p 00006000 08:01 941614     /lib/i386-linux-gnu/librt-2.15.so
b6a6f000-b6a70000 rw-p 00007000 08:01 941614     /lib/i386-linux-gnu/librt-2.15.so
b6a70000-b6a71000 rw-p 00000000 00:00 0 
b6a71000-b7359000 r-xp 00000000 08:01 137849     /usr/lib/jvm/java-6-openjdk-i386/jre/lib/i386/server/libjvm.so
b7359000-b73a0000 r--p 008e8000 08:01 137849     /usr/lib/jvm/java-6-openjdk-i386/jre/lib/i386/server/libjvm.so
b73a0000-b73b4000 rw-p 0092f000 08:01 137849     /usr/lib/jvm/java-6-openjdk-i386/jre/lib/i386/server/libjvm.so
b73b4000-b77d2000 rw-p 00000000 00:00 0 
b77d2000-b77d3000 r-xp 00000000 00:00 0          [vdso]
b77d3000-b77f3000 r-xp 00000000 08:01 941613     /lib/i386-linux-gnu/ld-2.15.so
b77f3000-b77f4000 r--p 0001f000 08:01 941613     /lib/i386-linux-gnu/ld-2.15.so
b77f4000-b77f5000 rw-p 00020000 08:01 941613     /lib/i386-linux-gnu/ld-2.15.so
bff4b000-bff4e000 ---p 00000000 00:00 0 
bff4f000-bff9b000 rw-p 00000000 00:00 0          [stack]

VM Arguments:
jvm_args: -Djava.library.path=/tmp 
java_command: <unknown>
Launcher Type: generic

Environment Variables:
PATH=/opt/ros/groovy/bin:/usr/lib/lightdm/lightdm:/usr/local/sbin:/usr/local/bin:/usr/sbin:/usr/bin:/sbin:/bin:/usr/games:/home/tome-ikeda/sigverse-2.2.0/bin:/home/tome-ikeda/sigverse-2.2.0/bin
LD_LIBRARY_PATH=/usr/lib/jvm/java-6-openjdk-i386/jre/lib/i386/server:/opt/ros/groovy/lib
SHELL=/bin/bash
DISPLAY=:0

Signal Handlers:
SIGSEGV: [libjvm.so+0x719af0], sa_mask[0]=0x7ffbfeff, sa_flags=0x10000004
SIGBUS: [libjvm.so+0x719af0], sa_mask[0]=0x7ffbfeff, sa_flags=0x10000004
SIGFPE: [libjvm.so+0x5bf500], sa_mask[0]=0x7ffbfeff, sa_flags=0x10000004
SIGPIPE: [libjvm.so+0x5bf500], sa_mask[0]=0x7ffbfeff, sa_flags=0x10000004
SIGXFSZ: [libjvm.so+0x5bf500], sa_mask[0]=0x7ffbfeff, sa_flags=0x10000004
SIGILL: [libjvm.so+0x5bf500], sa_mask[0]=0x7ffbfeff, sa_flags=0x10000004
SIGUSR1: SIG_DFL, sa_mask[0]=0x00000000, sa_flags=0x00000000
SIGUSR2: [libjvm.so+0x5bf390], sa_mask[0]=0x00000000, sa_flags=0x10000004
SIGHUP: [libjvm.so+0x5bf9f0], sa_mask[0]=0x7ffbfeff, sa_flags=0x10000004
SIGINT: [libjvm.so+0x5bf9f0], sa_mask[0]=0x7ffbfeff, sa_flags=0x10000004
SIGTERM: [libjvm.so+0x5bf9f0], sa_mask[0]=0x7ffbfeff, sa_flags=0x10000004
SIGQUIT: [libjvm.so+0x5bf9f0], sa_mask[0]=0x7ffbfeff, sa_flags=0x10000004


---------------  S Y S T E M  ---------------

OS:Ubuntu 12.04 (precise)
uname:Linux 3.2.0-69-generic-pae #103-Ubuntu SMP Tue Sep 2 05:15:53 UTC 2014 i686
libc:glibc 2.15 NPTL 2.15 
rlimit: STACK 8192k, CORE 0k, NPROC 7891, NOFILE 4096, AS infinity
load average:19.26 19.09 16.75

/proc/meminfo:
MemTotal:        1024744 kB
MemFree:          121980 kB
Buffers:           36768 kB
Cached:           316192 kB
SwapCached:        20536 kB
Active:           387440 kB
Inactive:         430368 kB
Active(anon):     218352 kB
Inactive(anon):   248272 kB
Active(file):     169088 kB
Inactive(file):   182096 kB
Unevictable:           0 kB
Mlocked:               0 kB
HighTotal:        135048 kB
HighFree:           1796 kB
LowTotal:         889696 kB
LowFree:          120184 kB
SwapTotal:       1046524 kB
SwapFree:         977864 kB
Dirty:               176 kB
Writeback:             0 kB
AnonPages:        449252 kB
Mapped:            86120 kB
Shmem:              1700 kB
Slab:              35728 kB
SReclaimable:      20504 kB
SUnreclaim:        15224 kB
KernelStack:        3520 kB
PageTables:         8776 kB
NFS_Unstable:          0 kB
Bounce:                0 kB
WritebackTmp:          0 kB
CommitLimit:     1558896 kB
Committed_AS:    3318932 kB
VmallocTotal:     122880 kB
VmallocUsed:       22492 kB
VmallocChunk:      72360 kB
HardwareCorrupted:     0 kB
AnonHugePages:         0 kB
HugePages_Total:       0
HugePages_Free:        0
HugePages_Rsvd:        0
HugePages_Surp:        0
Hugepagesize:       2048 kB
DirectMap4k:       32760 kB
DirectMap2M:      880640 kB


CPU:total 1 (1 cores per cpu, 1 threads per core) family 6 model 58 stepping 9, cmov, cx8, fxsr, mmx, sse, sse2, sse3, ssse3, sse4.1, sse4.2, popcnt, avx, tsc, tscinvbit, tscinv

/proc/cpuinfo:
processor	: 0
vendor_id	: GenuineIntel
cpu family	: 6
model		: 58
model name	: Intel(R) Core(TM) i7-3540M CPU @ 3.00GHz
stepping	: 9
microcode	: 0x15
cpu MHz		: 2993.280
cache size	: 4096 KB
fdiv_bug	: no
hlt_bug		: no
f00f_bug	: no
coma_bug	: no
fpu		: yes
fpu_exception	: yes
cpuid level	: 13
wp		: yes
flags		: fpu vme de pse tsc msr pae mce cx8 apic sep mtrr pge mca cmov pat pse36 clflush dts mmx fxsr sse sse2 ss nx rdtscp lm constant_tsc up arch_perfmon pebs bts xtopology tsc_reliable nonstop_tsc aperfmperf pni pclmulqdq ssse3 cx16 pcid sse4_1 sse4_2 x2apic popcnt aes xsave avx f16c rdrand hypervisor lahf_lm ida arat epb xsaveopt pln pts dtherm fsgsbase smep
bogomips	: 5986.56
clflush size	: 64
cache_alignment	: 64
address sizes	: 40 bits physical, 48 bits virtual
power management:



Memory: 4k page, physical 1024744k(121980k free), swap 1046524k(977864k free)

vm_info: OpenJDK Server VM (23.25-b01) for linux-x86 JRE (1.6.0_32-b32), built on Aug  6 2014 17:04:30 by "buildd" with gcc 4.6.3

time: Mon Mar  2 07:03:42 2015
elapsed time: 2 seconds

