#
# A fatal error has been detected by the Java Runtime Environment:
#
#  SIGSEGV (0xb) at pc=0x08050eda, pid=13657, tid=3036481280
#
# JRE version: 6.0_32-b32
# Java VM: OpenJDK Server VM (23.25-b01 mixed mode, sharing linux-x86 )
# Derivative: IcedTea6 1.13.4
# Distribution: Ubuntu 12.04 LTS, package 6b32-1.13.4-4ubuntu0.12.04.2
# Problematic frame:
# C  [sigserver+0x8eda]  _ZNKSt9basic_iosIcSt11char_traitsIcEE4failEv@@GLIBCXX_3.4+0x8eda
#
# Failed to write core dump. Core dumps have been disabled. To enable core dumping, try "ulimit -c unlimited" before starting Java again
#
# If you would like to submit a bug report, please include
# instructions how to reproduce the bug and visit:
#   https://bugs.launchpad.net/ubuntu/+source/openjdk-6/
# The crash happened outside the Java Virtual Machine in native code.
# See problematic frame for where to report the bug.
#

---------------  T H R E A D  ---------------

Current thread (0x08f33000):  JavaThread "main" [_thread_in_native, id=13657, stack(0xbf85e000,0xbf8ae000)]

siginfo:si_signo=SIGSEGV: si_errno=0, si_code=1 (SEGV_MAPERR), si_addr=0x000000b4

Registers:
EAX=0x00000000, EBX=0x08f18c90, ECX=0xb6452450, EDX=0x080bc348
ESP=0xbf8a9738, EBP=0xbf8a9738, ESI=0x00000000, EDI=0x00000000
EIP=0x08050eda, EFLAGS=0x00210206, CR2=0x000000b4

Top of Stack: (sp=0xbf8a9738)
0xbf8a9738:   bf8a9ac8 0804f4f3 00000000 08106bbc
0xbf8a9748:   0900e6c4 00000000 40180000 00000000
0xbf8a9758:   00000000 00000000 00000000 00000001
0xbf8a9768:   bf8a9798 080e23d3 092f6bd4 00000000
0xbf8a9778:   bf8a9798 080d14cc 092e4a74 bf8a9834
0xbf8a9788:   00000000 00000000 b65319a7 b657dff4
0xbf8a9798:   00000001 b6322ce1 092e4a74 00000000
0xbf8a97a8:   bf8a988a eba20500 092f6cc0 00000001 

Instructions: (pc=0x08050eda)
0x08050eba:   89 04 24 e8 3e fe ff ff c9 c3 55 89 e5 8b 45 08
0x08050eca:   0f b6 80 a8 00 00 00 5d c3 90 55 89 e5 8b 45 08
0x08050eda:   8b 80 b4 00 00 00 5d c3 55 89 e5 83 ec 04 8b 45
0x08050eea:   0c 88 45 fc 8b 45 08 0f b6 55 fc 88 90 14 01 00 

Register to memory mapping:

EAX=0x00000000 is an unknown value
EBX=0x08f18c90 is an unknown value
ECX=0xb6452450: <offset 0x1a6450> in /lib/i386-linux-gnu/libc.so.6 at 0xb62ac000
EDX=0x080bc348: <offset 0x74348> in /home/tome-ikeda/sigverse-2.2.0/bin/sigserver at 0x08048000
ESP=0xbf8a9738 is pointing into the stack for thread: 0x08f33000
EBP=0xbf8a9738 is pointing into the stack for thread: 0x08f33000
ESI=0x00000000 is an unknown value
EDI=0x00000000 is an unknown value


Stack: [0xbf85e000,0xbf8ae000],  sp=0xbf8a9738,  free space=301k
Native frames: (J=compiled Java code, j=interpreted, Vv=VM code, C=native code)
C  [sigserver+0x8eda]  _ZNKSt9basic_iosIcSt11char_traitsIcEE4failEv@@GLIBCXX_3.4+0x8eda
C  [sigserver+0x74f3]  _ZNKSt9basic_iosIcSt11char_traitsIcEE4failEv@@GLIBCXX_3.4+0x74f3
C  [sigserver+0x1be2b]  _ZNKSt9basic_iosIcSt11char_traitsIcEE4failEv@@GLIBCXX_3.4+0x1be2b
C  [sigserver+0x7fea6]  _ZNKSt9basic_iosIcSt11char_traitsIcEE4failEv@@GLIBCXX_3.4+0x7fea6
C  [sigserver+0x3cd90]  _ZNKSt9basic_iosIcSt11char_traitsIcEE4failEv@@GLIBCXX_3.4+0x3cd90
C  [sigserver+0x3bd1a]  _ZNKSt9basic_iosIcSt11char_traitsIcEE4failEv@@GLIBCXX_3.4+0x3bd1a
C  [sigserver+0x3c689]  _ZNKSt9basic_iosIcSt11char_traitsIcEE4failEv@@GLIBCXX_3.4+0x3c689


---------------  P R O C E S S  ---------------

Java Threads: ( => current thread )
  0x08fbb000 JavaThread "Low Memory Detector" daemon [_thread_blocked, id=13665, stack(0xb0bad000,0xb0bfe000)]
  0x0901b400 JavaThread "C2 CompilerThread1" daemon [_thread_blocked, id=13664, stack(0xb0bfe000,0xb0c7f000)]
  0x0900f000 JavaThread "C2 CompilerThread0" daemon [_thread_blocked, id=13663, stack(0xb0c7f000,0xb0d00000)]
  0x08f3ec00 JavaThread "Signal Dispatcher" daemon [_thread_blocked, id=13662, stack(0xb100d000,0xb105e000)]
  0x08f2f400 JavaThread "Finalizer" daemon [_thread_blocked, id=13661, stack(0xb105e000,0xb10af000)]
  0x08fd5800 JavaThread "Reference Handler" daemon [_thread_blocked, id=13660, stack(0xb10af000,0xb1100000)]
=>0x08f33000 JavaThread "main" [_thread_in_native, id=13657, stack(0xbf85e000,0xbf8ae000)]

Other Threads:
  0x08f26000 VMThread [stack: 0xb1208000,0xb1289000] [id=13659]
  0x08fbd000 WatcherThread [stack: 0xb0b2c000,0xb0bad000] [id=13666]

VM state:not at safepoint (normal execution)

VM Mutex/Monitor currently owned by a thread: None

Heap
 def new generation   total 4800K, used 3131K [0x6a040000, 0x6a570000, 0x74790000)
  eden space 4288K,  61% used [0x6a040000, 0x6a2cedb0, 0x6a470000)
  from space 512K, 100% used [0x6a470000, 0x6a4f0000, 0x6a4f0000)
  to   space 512K,   0% used [0x6a4f0000, 0x6a4f0000, 0x6a570000)
 tenured generation   total 10752K, used 2073K [0x74790000, 0x75210000, 0x89640000)
   the space 10752K,  19% used [0x74790000, 0x74996688, 0x74996800, 0x75210000)
 compacting perm gen  total 16384K, used 1703K [0x89640000, 0x8a640000, 0x91640000)
   the space 16384K,  10% used [0x89640000, 0x897e9fa8, 0x897ea000, 0x8a640000)
    ro space 10240K,  56% used [0x91640000, 0x91bdd4c8, 0x91bdd600, 0x92040000)
    rw space 12288K,  62% used [0x92040000, 0x927cc2b0, 0x927cc400, 0x92c40000)

Card table byte_map: [0xb1508000,0xb164f000] byte_map_base: 0xb11b7e00

Polling page: 0xb6a15000

Code Cache  [0xb170f000, 0xb194f000, 0xb470f000)
 total_blobs=180 nmethods=62 adapters=71 free_code_cache=48745Kb largest_free_block=49898112

Compilation events (10 events):
Event: 1.628 Thread 0x0900f000   56             org.web3d.vrml.nodes.proto.AbstractProto::getFieldDeclaration (14 bytes)
Event: 1.629 Thread 0x0900f000 nmethod 56 0xb1770448 code [0xb1770540, 0xb1770630]
Event: 1.638 Thread 0x0900f000   57             sun.reflect.ClassFileAssembler::emitByte (11 bytes)
Event: 1.641 Thread 0x0900f000 nmethod 57 0xb17700c8 code [0xb17701e0, 0xb17702dc]
Event: 1.641 Thread 0x0901b400   58             sun.reflect.ByteVectorImpl::add (38 bytes)
Event: 1.642 Thread 0x0901b400 nmethod 58 0xb1775388 code [0xb1775480, 0xb177553c]
Event: 1.642 Thread 0x0901b400   59             java.util.ArrayList::size (5 bytes)
Event: 1.643 Thread 0x0901b400 nmethod 59 0xb1775208 code [0xb17752e0, 0xb1775330]
Event: 1.667 Thread 0x0901b400   60             org.web3d.util.IntHashMap::get (54 bytes)
Event: 1.669 Thread 0x0901b400 nmethod 60 0xb1774f88 code [0xb1775080, 0xb1775130]

GC Heap History (4 events):
Event: 0.667 GC heap before
{Heap before GC invocations=0 (full 0):
 def new generation   total 4800K, used 4283K [0x6a040000, 0x6a570000, 0x74790000)
  eden space 4288K,  99% used [0x6a040000, 0x6a46ee30, 0x6a470000)
  from space 512K,   0% used [0x6a470000, 0x6a470000, 0x6a4f0000)
  to   space 512K,   0% used [0x6a4f0000, 0x6a4f0000, 0x6a570000)
 tenured generation   total 10752K, used 0K [0x74790000, 0x75210000, 0x89640000)
   the space 10752K,   0% used [0x74790000, 0x74790000, 0x74790200, 0x75210000)
 compacting perm gen  total 16384K, used 1604K [0x89640000, 0x8a640000, 0x91640000)
   the space 16384K,   9% used [0x89640000, 0x897d10e8, 0x897d1200, 0x8a640000)
    ro space 10240K,  56% used [0x91640000, 0x91bdd4c8, 0x91bdd600, 0x92040000)
    rw space 12288K,  62% used [0x92040000, 0x927cc2b0, 0x927cc400, 0x92c40000)
Event: 0.670 GC heap after
Heap after GC invocations=1 (full 0):
 def new generation   total 4800K, used 512K [0x6a040000, 0x6a570000, 0x74790000)
  eden space 4288K,   0% used [0x6a040000, 0x6a040000, 0x6a470000)
  from space 512K, 100% used [0x6a4f0000, 0x6a570000, 0x6a570000)
  to   space 512K,   0% used [0x6a470000, 0x6a470000, 0x6a4f0000)
 tenured generation   total 10752K, used 300K [0x74790000, 0x75210000, 0x89640000)
   the space 10752K,   2% used [0x74790000, 0x747db3b8, 0x747db400, 0x75210000)
 compacting perm gen  total 16384K, used 1604K [0x89640000, 0x8a640000, 0x91640000)
   the space 16384K,   9% used [0x89640000, 0x897d10e8, 0x897d1200, 0x8a640000)
    ro space 10240K,  56% used [0x91640000, 0x91bdd4c8, 0x91bdd600, 0x92040000)
    rw space 12288K,  62% used [0x92040000, 0x927cc2b0, 0x927cc400, 0x92c40000)
}
Event: 1.316 GC heap before
{Heap before GC invocations=1 (full 0):
 def new generation   total 4800K, used 4800K [0x6a040000, 0x6a570000, 0x74790000)
  eden space 4288K, 100% used [0x6a040000, 0x6a470000, 0x6a470000)
  from space 512K, 100% used [0x6a4f0000, 0x6a570000, 0x6a570000)
  to   space 512K,   0% used [0x6a470000, 0x6a470000, 0x6a4f0000)
 tenured generation   total 10752K, used 300K [0x74790000, 0x75210000, 0x89640000)
   the space 10752K,   2% used [0x74790000, 0x747db3b8, 0x747db400, 0x75210000)
 compacting perm gen  total 16384K, used 1688K [0x89640000, 0x8a640000, 0x91640000)
   the space 16384K,  10% used [0x89640000, 0x897e6198, 0x897e6200, 0x8a640000)
    ro space 10240K,  56% used [0x91640000, 0x91bdd4c8, 0x91bdd600, 0x92040000)
    rw space 12288K,  62% used [0x92040000, 0x927cc2b0, 0x927cc400, 0x92c40000)
Event: 1.328 GC heap after
Heap after GC invocations=2 (full 0):
 def new generation   total 4800K, used 512K [0x6a040000, 0x6a570000, 0x74790000)
  eden space 4288K,   0% used [0x6a040000, 0x6a040000, 0x6a470000)
  from space 512K, 100% used [0x6a470000, 0x6a4f0000, 0x6a4f0000)
  to   space 512K,   0% used [0x6a4f0000, 0x6a4f0000, 0x6a570000)
 tenured generation   total 10752K, used 2073K [0x74790000, 0x75210000, 0x89640000)
   the space 10752K,  19% used [0x74790000, 0x74996688, 0x74996800, 0x75210000)
 compacting perm gen  total 16384K, used 1688K [0x89640000, 0x8a640000, 0x91640000)
   the space 16384K,  10% used [0x89640000, 0x897e6198, 0x897e6200, 0x8a640000)
    ro space 10240K,  56% used [0x91640000, 0x91bdd4c8, 0x91bdd600, 0x92040000)
    rw space 12288K,  62% used [0x92040000, 0x927cc2b0, 0x927cc400, 0x92c40000)
}

Deoptimization events (1 events):
Event: 0.401 Thread 0x08f33000 Uncommon trap -12 fr.pc 0xb17602b0

Internal exceptions (10 events):
Event: 0.679 Thread 0x08f33000 Threw 0x6a0720a0 at /build/buildd/openjdk-6-6b32-1.13.4/build/openjdk/hotspot/src/share/vm/classfile/systemDictionary.cpp:179
Event: 0.679 Thread 0x08f33000 Threw 0x6a072618 at /build/buildd/openjdk-6-6b32-1.13.4/build/openjdk/hotspot/src/share/vm/prims/jvm.cpp:1235
Event: 0.679 Thread 0x08f33000 Threw 0x6a07ad70 at /build/buildd/openjdk-6-6b32-1.13.4/build/openjdk/hotspot/src/share/vm/classfile/systemDictionary.cpp:179
Event: 0.679 Thread 0x08f33000 Threw 0x6a07b2a0 at /build/buildd/openjdk-6-6b32-1.13.4/build/openjdk/hotspot/src/share/vm/prims/jvm.cpp:1235
Event: 0.680 Thread 0x08f33000 Threw 0x6a07cee8 at /build/buildd/openjdk-6-6b32-1.13.4/build/openjdk/hotspot/src/share/vm/classfile/systemDictionary.cpp:179
Event: 0.680 Thread 0x08f33000 Threw 0x6a07d430 at /build/buildd/openjdk-6-6b32-1.13.4/build/openjdk/hotspot/src/share/vm/prims/jvm.cpp:1235
Event: 0.680 Thread 0x08f33000 Threw 0x6a07ec08 at /build/buildd/openjdk-6-6b32-1.13.4/build/openjdk/hotspot/src/share/vm/classfile/systemDictionary.cpp:179
Event: 0.680 Thread 0x08f33000 Threw 0x6a07f340 at /build/buildd/openjdk-6-6b32-1.13.4/build/openjdk/hotspot/src/share/vm/prims/jvm.cpp:1235
Event: 0.681 Thread 0x08f33000 Threw 0x6a082050 at /build/buildd/openjdk-6-6b32-1.13.4/build/openjdk/hotspot/src/share/vm/classfile/systemDictionary.cpp:179
Event: 0.681 Thread 0x08f33000 Threw 0x6a082370 at /build/buildd/openjdk-6-6b32-1.13.4/build/openjdk/hotspot/src/share/vm/prims/jvm.cpp:1235

Events (10 events):
Event: 0.679 loading class 0x0917fad8
Event: 0.679 loading class 0x0917fad8 done
Event: 0.680 loading class 0x09180520
Event: 0.680 loading class 0x09180520 done
Event: 0.680 loading class 0x091806a0
Event: 0.680 loading class 0x091806a0 done
Event: 0.681 loading class 0x09170b60
Event: 0.681 loading class 0x09170b60 done
Event: 1.316 Executing VM operation: GenCollectForAllocation
Event: 1.328 Executing VM operation: GenCollectForAllocation done


Dynamic libraries:
08048000-0816c000 r-xp 00000000 08:01 440199     /home/tome-ikeda/sigverse-2.2.0/bin/sigserver
0816c000-0816d000 r--p 00123000 08:01 440199     /home/tome-ikeda/sigverse-2.2.0/bin/sigserver
0816d000-0816e000 rw-p 00124000 08:01 440199     /home/tome-ikeda/sigverse-2.2.0/bin/sigserver
0816e000-0817c000 rw-p 00000000 00:00 0 
08f17000-09304000 rw-p 00000000 00:00 0          [heap]
6a040000-6a570000 rw-p 00000000 00:00 0 
6a570000-74790000 rw-p 00000000 00:00 0 
74790000-75210000 rw-p 00000000 00:00 0 
75210000-89640000 rw-p 00000000 00:00 0 
89640000-8a640000 rw-p 00000000 00:00 0 
8a640000-91640000 rw-p 00000000 00:00 0 
91640000-91bde000 r--p 00001000 08:01 138299     /usr/lib/jvm/java-6-openjdk-i386/jre/lib/i386/server/classes.jsa
91bde000-92040000 rw-p 00000000 00:00 0 
92040000-927cd000 rw-p 0059f000 08:01 138299     /usr/lib/jvm/java-6-openjdk-i386/jre/lib/i386/server/classes.jsa
927cd000-92c40000 rw-p 00000000 00:00 0 
92c40000-92f4f000 rw-p 00d2c000 08:01 138299     /usr/lib/jvm/java-6-openjdk-i386/jre/lib/i386/server/classes.jsa
92f4f000-93040000 rw-p 00000000 00:00 0 
93040000-93049000 r-xp 0103b000 08:01 138299     /usr/lib/jvm/java-6-openjdk-i386/jre/lib/i386/server/classes.jsa
93049000-93440000 rw-p 00000000 00:00 0 
b087a000-b0900000 rw-p 00000000 00:00 0 
b0900000-b098d000 rw-p 00000000 00:00 0 
b098d000-b0a00000 ---p 00000000 00:00 0 
b0a57000-b0a85000 rw-p 00000000 00:00 0 
b0a85000-b0a86000 r--s 0000c000 08:01 440374     /home/tome-ikeda/sigverse-2.2.0/share/sigverse/jar/xj3d-xml.jar
b0a86000-b0a87000 r--s 00002000 08:01 440373     /home/tome-ikeda/sigverse-2.2.0/share/sigverse/jar/xj3d-xml-util.jar
b0a87000-b0a8f000 r--s 00065000 08:01 440366     /home/tome-ikeda/sigverse-2.2.0/share/sigverse/jar/xj3d-ogl.jar
b0a8f000-b0a96000 r--s 00015000 08:01 440365     /home/tome-ikeda/sigverse-2.2.0/share/sigverse/jar/xj3d-norender.jar
b0a96000-b0a9a000 r--s 00018000 08:01 440363     /home/tome-ikeda/sigverse-2.2.0/share/sigverse/jar/xj3d-jsai.jar
b0a9a000-b0a9c000 r--s 00012000 08:01 440361     /home/tome-ikeda/sigverse-2.2.0/share/sigverse/jar/xj3d-java-sai.jar
b0a9c000-b0a9e000 r--s 00004000 08:01 440364     /home/tome-ikeda/sigverse-2.2.0/share/sigverse/jar/xj3d-net.jar
b0a9e000-b0aa7000 r--s 00069000 08:01 440360     /home/tome-ikeda/sigverse-2.2.0/share/sigverse/jar/xj3d-j3d.jar
b0aa7000-b0aa8000 r--s 00002000 08:01 440359     /home/tome-ikeda/sigverse-2.2.0/share/sigverse/jar/xj3d-images.jar
b0aa8000-b0aac000 r--s 0000a000 08:01 440370     /home/tome-ikeda/sigverse-2.2.0/share/sigverse/jar/xj3d-sai.jar
b0aac000-b0aaf000 r--s 0001a000 08:01 440358     /home/tome-ikeda/sigverse-2.2.0/share/sigverse/jar/xj3d-external-sai.jar
b0aaf000-b0ab2000 r--s 00028000 08:01 440357     /home/tome-ikeda/sigverse-2.2.0/share/sigverse/jar/xj3d-ecmascript.jar
b0ab2000-b0ab6000 r--s 0001e000 08:01 440356     /home/tome-ikeda/sigverse-2.2.0/share/sigverse/jar/xj3d-eai.jar
b0ab6000-b0ab8000 r--s 00005000 08:01 440354     /home/tome-ikeda/sigverse-2.2.0/share/sigverse/jar/xj3d-config.jar
b0ab8000-b0aba000 r--s 00008000 08:01 440372     /home/tome-ikeda/sigverse-2.2.0/share/sigverse/jar/xj3d-script-base.jar
b0aba000-b0abd000 r--s 0001d000 08:01 440369     /home/tome-ikeda/sigverse-2.2.0/share/sigverse/jar/xj3d-runtime.jar
b0abd000-b0ac4000 r--s 00054000 08:01 137128     /usr/lib/jvm/java-6-openjdk-common/jre/lib/resources.jar
b0ac4000-b0ac5000 r--s 00004000 08:01 440362     /home/tome-ikeda/sigverse-2.2.0/share/sigverse/jar/xj3d-jaxp.jar
b0ac5000-b0ac7000 r--s 00012000 08:01 440371     /home/tome-ikeda/sigverse-2.2.0/share/sigverse/jar/xj3d-sav.jar
b0ac7000-b0acf000 r--s 00029000 08:01 440355     /home/tome-ikeda/sigverse-2.2.0/share/sigverse/jar/xj3d-core.jar
b0acf000-b0ad3000 r--s 0003d000 08:01 440367     /home/tome-ikeda/sigverse-2.2.0/share/sigverse/jar/xj3d-parser.jar
b0ad3000-b0ad5000 r--s 0000c000 08:01 440368     /home/tome-ikeda/sigverse-2.2.0/share/sigverse/jar/xj3d-render.jar
b0ad5000-b0ade000 r--s 000cb000 08:01 440353     /home/tome-ikeda/sigverse-2.2.0/share/sigverse/jar/xj3d-common.jar
b0ade000-b0adf000 r--s 0000a000 08:01 440350     /home/tome-ikeda/sigverse-2.2.0/share/sigverse/jar/vlc_uri.jar
b0adf000-b0ae1000 r--s 00045000 08:01 440349     /home/tome-ikeda/sigverse-2.2.0/share/sigverse/jar/vecmath.jar
b0ae1000-b0ae3000 r--s 0000b000 08:01 440348     /home/tome-ikeda/sigverse-2.2.0/share/sigverse/jar/uri.jar
b0ae3000-b0ae5000 r--s 00005000 08:01 440347     /home/tome-ikeda/sigverse-2.2.0/share/sigverse/jar/units-0.01.jar
b0ae5000-b0ae8000 r--s 00034000 08:01 440343     /home/tome-ikeda/sigverse-2.2.0/share/sigverse/jar/odejava.jar
b0ae8000-b0af0000 r--s 0004f000 08:01 440342     /home/tome-ikeda/sigverse-2.2.0/share/sigverse/jar/log4j.jar
b0af0000-b0af2000 r--s 00001000 08:01 440341     /home/tome-ikeda/sigverse-2.2.0/share/sigverse/jar/jutils.jar
b0af2000-b0af8000 r--s 0008c000 08:01 440340     /home/tome-ikeda/sigverse-2.2.0/share/sigverse/jar/js.jar
b0af8000-b0aff000 r--s 00118000 08:01 440339     /home/tome-ikeda/sigverse-2.2.0/share/sigverse/jar/jogl.jar
b0aff000-b0b01000 r--s 00005000 08:01 440338     /home/tome-ikeda/sigverse-2.2.0/share/sigverse/jar/joal.jar
b0b01000-b0b03000 r--s 00008000 08:01 440337     /home/tome-ikeda/sigverse-2.2.0/share/sigverse/jar/jinput.jar
b0b03000-b0b2c000 r--s 00284000 08:01 440334     /home/tome-ikeda/sigverse-2.2.0/share/sigverse/jar/gt2-main.jar
b0b2c000-b0b2d000 ---p 00000000 00:00 0 
b0b2d000-b0bad000 rw-p 00000000 00:00 0 
b0bad000-b0bb0000 ---p 00000000 00:00 0 
b0bb0000-b0bfe000 rw-p 00000000 00:00 0 
b0bfe000-b0c01000 ---p 00000000 00:00 0 
b0c01000-b0c7f000 rw-p 00000000 00:00 0 
b0c7f000-b0c82000 ---p 00000000 00:00 0 
b0c82000-b0d00000 rw-p 00000000 00:00 0 
b0d00000-b0f00000 r--p 00000000 08:01 402149     /usr/lib/locale/locale-archive
b0f00000-b0f21000 rw-p 00000000 00:00 0 
b0f21000-b1000000 ---p 00000000 00:00 0 
b1000000-b100d000 r--s 0002d000 08:01 440332     /home/tome-ikeda/sigverse-2.2.0/share/sigverse/jar/geoapi.jar
b100d000-b1010000 ---p 00000000 00:00 0 
b1010000-b105e000 rw-p 00000000 00:00 0 
b105e000-b1061000 ---p 00000000 00:00 0 
b1061000-b10af000 rw-p 00000000 00:00 0 
b10af000-b10b2000 ---p 00000000 00:00 0 
b10b2000-b1100000 rw-p 00000000 00:00 0 
b1100000-b11fc000 rw-p 00000000 00:00 0 
b11fc000-b1200000 ---p 00000000 00:00 0 
b1200000-b1208000 r--s 00063000 08:01 440336     /home/tome-ikeda/sigverse-2.2.0/share/sigverse/jar/j3d-org.jar
b1208000-b1209000 ---p 00000000 00:00 0 
b1209000-b1289000 rw-p 00000000 00:00 0 
b1289000-b141f000 r--s 01a15000 08:01 137876     /usr/lib/jvm/java-6-openjdk-i386/jre/lib/rt.jar
b141f000-b1428000 rw-p 00000000 00:00 0 
b1428000-b1460000 rw-p 00000000 00:00 0 
b1460000-b1466000 rw-p 00000000 00:00 0 
b1466000-b1508000 rw-p 00000000 00:00 0 
b1508000-b150b000 rw-p 00000000 00:00 0 
b150b000-b155b000 rw-p 00000000 00:00 0 
b155b000-b1561000 rw-p 00000000 00:00 0 
b1561000-b1603000 rw-p 00000000 00:00 0 
b1603000-b160b000 rw-p 00000000 00:00 0 
b160b000-b1643000 rw-p 00000000 00:00 0 
b1643000-b1658000 rw-p 00000000 00:00 0 
b1658000-b170f000 rw-p 00000000 00:00 0 
b170f000-b194f000 rwxp 00000000 00:00 0 
b194f000-b470f000 rw-p 00000000 00:00 0 
b470f000-b4723000 r-xp 00000000 08:01 918544     /lib/i386-linux-gnu/libz.so.1.2.3.4
b4723000-b4724000 r--p 00013000 08:01 918544     /lib/i386-linux-gnu/libz.so.1.2.3.4
b4724000-b4725000 rw-p 00014000 08:01 918544     /lib/i386-linux-gnu/libz.so.1.2.3.4
b4726000-b4729000 r--s 00031000 08:01 440335     /home/tome-ikeda/sigverse-2.2.0/share/sigverse/jar/httpclient.jar
b4729000-b472a000 r--s 00005000 08:01 440333     /home/tome-ikeda/sigverse-2.2.0/share/sigverse/jar/gnu-regexp-1.0.8.jar
b472a000-b472e000 r--s 00039000 08:01 440329     /home/tome-ikeda/sigverse-2.2.0/share/sigverse/jar/dis.jar
b472e000-b4737000 r--s 00081000 08:01 440328     /home/tome-ikeda/sigverse-2.2.0/share/sigverse/jar/aviatrix3d-all.jar
b4737000-b473c000 r--s 0003c000 08:01 440326     /home/tome-ikeda/sigverse-2.2.0/share/sigverse/jar/FastInfoset.jar
b473c000-b473d000 r--s 00001000 08:01 440351     /home/tome-ikeda/sigverse-2.2.0/share/sigverse/jar/xj3d-all.jar
b473d000-b473e000 r--s 00004000 08:01 440327     /home/tome-ikeda/sigverse-2.2.0/share/sigverse/jar/X3DParser.jar
b473e000-b4741000 r--s 00031000 08:01 137098     /usr/lib/jvm/java-6-openjdk-common/jre/lib/ext/sunjce_provider.jar
b4741000-b4743000 r--s 00001000 08:01 137095     /usr/lib/jvm/java-6-openjdk-common/jre/lib/ext/dnsns.jar
b4743000-b4746000 r--s 00077000 08:01 137097     /usr/lib/jvm/java-6-openjdk-common/jre/lib/ext/localedata.jar
b4746000-b4751000 r-xp 00000000 08:01 941603     /lib/i386-linux-gnu/libnss_files-2.15.so
b4751000-b4752000 r--p 0000a000 08:01 941603     /lib/i386-linux-gnu/libnss_files-2.15.so
b4752000-b4753000 rw-p 0000b000 08:01 941603     /lib/i386-linux-gnu/libnss_files-2.15.so
b4753000-b475d000 r-xp 00000000 08:01 941615     /lib/i386-linux-gnu/libnss_nis-2.15.so
b475d000-b475e000 r--p 00009000 08:01 941615     /lib/i386-linux-gnu/libnss_nis-2.15.so
b475e000-b475f000 rw-p 0000a000 08:01 941615     /lib/i386-linux-gnu/libnss_nis-2.15.so
b475f000-b4775000 r-xp 00000000 08:01 922145     /lib/i386-linux-gnu/libnsl-2.15.so
b4775000-b4776000 r--p 00015000 08:01 922145     /lib/i386-linux-gnu/libnsl-2.15.so
b4776000-b4777000 rw-p 00016000 08:01 922145     /lib/i386-linux-gnu/libnsl-2.15.so
b4777000-b4779000 rw-p 00000000 00:00 0 
b4779000-b4780000 r-xp 00000000 08:01 941609     /lib/i386-linux-gnu/libnss_compat-2.15.so
b4780000-b4781000 r--p 00006000 08:01 941609     /lib/i386-linux-gnu/libnss_compat-2.15.so
b4781000-b4782000 rw-p 00007000 08:01 941609     /lib/i386-linux-gnu/libnss_compat-2.15.so
b4782000-b4783000 r--s 00003000 08:01 440331     /home/tome-ikeda/sigverse-2.2.0/share/sigverse/jar/dxinput.jar
b4783000-b4784000 r--s 00007000 08:01 553237     /usr/share/java/java-atk-wrapper.jar
b4784000-b4788000 r--s 00039000 08:01 137099     /usr/lib/jvm/java-6-openjdk-common/jre/lib/ext/sunpkcs11.jar
b4788000-b478a000 r--s 0000f000 08:01 137096     /usr/lib/jvm/java-6-openjdk-common/jre/lib/ext/pulse-java.jar
b478a000-b4791000 rw-p 00000000 00:00 0 
b4791000-b4799000 r-xp 00000000 08:01 137837     /usr/lib/jvm/java-6-openjdk-i386/jre/lib/i386/libzip.so
b4799000-b479a000 r--p 00007000 08:01 137837     /usr/lib/jvm/java-6-openjdk-i386/jre/lib/i386/libzip.so
b479a000-b479b000 rw-p 00008000 08:01 137837     /usr/lib/jvm/java-6-openjdk-i386/jre/lib/i386/libzip.so
b479b000-b47a3000 rw-s 00000000 08:01 798416     /tmp/hsperfdata_tome-ikeda/13657
b47a3000-b47cb000 r-xp 00000000 08:01 137824     /usr/lib/jvm/java-6-openjdk-i386/jre/lib/i386/libjava.so
b47cb000-b47cc000 r--p 00027000 08:01 137824     /usr/lib/jvm/java-6-openjdk-i386/jre/lib/i386/libjava.so
b47cc000-b47ce000 rw-p 00028000 08:01 137824     /usr/lib/jvm/java-6-openjdk-i386/jre/lib/i386/libjava.so
b47ce000-b47cf000 ---p 00000000 00:00 0 
b47cf000-b4fd2000 rw-p 00000000 00:00 0 
b4fd2000-b6141000 r-xp 00000000 08:01 419442     /usr/lib/libicudata.so.48.1.1
b6141000-b6142000 r--p 0116e000 08:01 419442     /usr/lib/libicudata.so.48.1.1
b6142000-b6143000 rw-p 0116f000 08:01 419442     /usr/lib/libicudata.so.48.1.1
b6143000-b6298000 r-xp 00000000 08:01 419440     /usr/lib/libicuuc.so.48.1.1
b6298000-b62a2000 r--p 00155000 08:01 419440     /usr/lib/libicuuc.so.48.1.1
b62a2000-b62a3000 rw-p 0015f000 08:01 419440     /usr/lib/libicuuc.so.48.1.1
b62a3000-b62a7000 rw-p 00000000 00:00 0 
b62a7000-b62aa000 r-xp 00000000 08:01 922174     /lib/i386-linux-gnu/libdl-2.15.so
b62aa000-b62ab000 r--p 00002000 08:01 922174     /lib/i386-linux-gnu/libdl-2.15.so
b62ab000-b62ac000 rw-p 00003000 08:01 922174     /lib/i386-linux-gnu/libdl-2.15.so
b62ac000-b6450000 r-xp 00000000 08:01 922152     /lib/i386-linux-gnu/libc-2.15.so
b6450000-b6452000 r--p 001a4000 08:01 922152     /lib/i386-linux-gnu/libc-2.15.so
b6452000-b6453000 rw-p 001a6000 08:01 922152     /lib/i386-linux-gnu/libc-2.15.so
b6453000-b6457000 rw-p 00000000 00:00 0 
b6457000-b6473000 r-xp 00000000 08:01 918454     /lib/i386-linux-gnu/libgcc_s.so.1
b6473000-b6474000 r--p 0001b000 08:01 918454     /lib/i386-linux-gnu/libgcc_s.so.1
b6474000-b6475000 rw-p 0001c000 08:01 918454     /lib/i386-linux-gnu/libgcc_s.so.1
b6475000-b649f000 r-xp 00000000 08:01 941607     /lib/i386-linux-gnu/libm-2.15.so
b649f000-b64a0000 r--p 00029000 08:01 941607     /lib/i386-linux-gnu/libm-2.15.so
b64a0000-b64a1000 rw-p 0002a000 08:01 941607     /lib/i386-linux-gnu/libm-2.15.so
b64a1000-b6579000 r-xp 00000000 08:01 398309     /usr/lib/i386-linux-gnu/libstdc++.so.6.0.16
b6579000-b657a000 ---p 000d8000 08:01 398309     /usr/lib/i386-linux-gnu/libstdc++.so.6.0.16
b657a000-b657e000 r--p 000d8000 08:01 398309     /usr/lib/i386-linux-gnu/libstdc++.so.6.0.16
b657e000-b657f000 rw-p 000dc000 08:01 398309     /usr/lib/i386-linux-gnu/libstdc++.so.6.0.16
b657f000-b6586000 rw-p 00000000 00:00 0 
b6586000-b68dc000 r-xp 00000000 08:01 419475     /usr/lib/libxerces-c.so.28.0
b68dc000-b68ea000 r--p 00355000 08:01 419475     /usr/lib/libxerces-c.so.28.0
b68ea000-b690c000 rw-p 00363000 08:01 419475     /usr/lib/libxerces-c.so.28.0
b690c000-b69ea000 r-xp 00000000 08:01 553252     /usr/local/lib/libode.so.3.0.0
b69ea000-b69eb000 ---p 000de000 08:01 553252     /usr/local/lib/libode.so.3.0.0
b69eb000-b69ec000 r--p 000de000 08:01 553252     /usr/local/lib/libode.so.3.0.0
b69ec000-b69ed000 rw-p 000df000 08:01 553252     /usr/local/lib/libode.so.3.0.0
b69ed000-b69f2000 rw-p 00000000 00:00 0 
b69f2000-b6a09000 r-xp 00000000 08:01 941605     /lib/i386-linux-gnu/libpthread-2.15.so
b6a09000-b6a0a000 r--p 00016000 08:01 941605     /lib/i386-linux-gnu/libpthread-2.15.so
b6a0a000-b6a0b000 rw-p 00017000 08:01 941605     /lib/i386-linux-gnu/libpthread-2.15.so
b6a0b000-b6a0d000 rw-p 00000000 00:00 0 
b6a0d000-b6a0e000 r--p 005e0000 08:01 402149     /usr/lib/locale/locale-archive
b6a0e000-b6a15000 rw-p 00000000 00:00 0 
b6a15000-b6a16000 r--p 00000000 00:00 0 
b6a16000-b6a22000 r-xp 00000000 08:01 137836     /usr/lib/jvm/java-6-openjdk-i386/jre/lib/i386/libverify.so
b6a22000-b6a23000 r--p 0000b000 08:01 137836     /usr/lib/jvm/java-6-openjdk-i386/jre/lib/i386/libverify.so
b6a23000-b6a24000 rw-p 0000c000 08:01 137836     /usr/lib/jvm/java-6-openjdk-i386/jre/lib/i386/libverify.so
b6a24000-b6a2b000 r-xp 00000000 08:01 941614     /lib/i386-linux-gnu/librt-2.15.so
b6a2b000-b6a2c000 r--p 00006000 08:01 941614     /lib/i386-linux-gnu/librt-2.15.so
b6a2c000-b6a2d000 rw-p 00007000 08:01 941614     /lib/i386-linux-gnu/librt-2.15.so
b6a2d000-b6a2e000 rw-p 00000000 00:00 0 
b6a2e000-b7316000 r-xp 00000000 08:01 137849     /usr/lib/jvm/java-6-openjdk-i386/jre/lib/i386/server/libjvm.so
b7316000-b735d000 r--p 008e8000 08:01 137849     /usr/lib/jvm/java-6-openjdk-i386/jre/lib/i386/server/libjvm.so
b735d000-b7371000 rw-p 0092f000 08:01 137849     /usr/lib/jvm/java-6-openjdk-i386/jre/lib/i386/server/libjvm.so
b7371000-b778f000 rw-p 00000000 00:00 0 
b778f000-b7790000 r-xp 00000000 00:00 0          [vdso]
b7790000-b77b0000 r-xp 00000000 08:01 941613     /lib/i386-linux-gnu/ld-2.15.so
b77b0000-b77b1000 r--p 0001f000 08:01 941613     /lib/i386-linux-gnu/ld-2.15.so
b77b1000-b77b2000 rw-p 00020000 08:01 941613     /lib/i386-linux-gnu/ld-2.15.so
bf85e000-bf861000 ---p 00000000 00:00 0 
bf862000-bf8ae000 rw-p 00000000 00:00 0          [stack]

VM Arguments:
jvm_args: -Djava.library.path=/tmp 
java_command: <unknown>
Launcher Type: generic

Environment Variables:
PATH=/opt/ros/groovy/bin:/usr/lib/lightdm/lightdm:/usr/local/sbin:/usr/local/bin:/usr/sbin:/usr/bin:/sbin:/bin:/usr/games:/home/tome-ikeda/sigverse-2.2.0/bin:/home/tome-ikeda/sigverse-2.2.0/bin
LD_LIBRARY_PATH=/usr/lib/jvm/java-6-openjdk-i386/jre/lib/i386/server:/opt/ros/groovy/lib
SHELL=/bin/bash
DISPLAY=:0

Signal Handlers:
SIGSEGV: [libjvm.so+0x719af0], sa_mask[0]=0x7ffbfeff, sa_flags=0x10000004
SIGBUS: [libjvm.so+0x719af0], sa_mask[0]=0x7ffbfeff, sa_flags=0x10000004
SIGFPE: [libjvm.so+0x5bf500], sa_mask[0]=0x7ffbfeff, sa_flags=0x10000004
SIGPIPE: [libjvm.so+0x5bf500], sa_mask[0]=0x7ffbfeff, sa_flags=0x10000004
SIGXFSZ: [libjvm.so+0x5bf500], sa_mask[0]=0x7ffbfeff, sa_flags=0x10000004
SIGILL: [libjvm.so+0x5bf500], sa_mask[0]=0x7ffbfeff, sa_flags=0x10000004
SIGUSR1: SIG_DFL, sa_mask[0]=0x00000000, sa_flags=0x00000000
SIGUSR2: [libjvm.so+0x5bf390], sa_mask[0]=0x00000000, sa_flags=0x10000004
SIGHUP: [libjvm.so+0x5bf9f0], sa_mask[0]=0x7ffbfeff, sa_flags=0x10000004
SIGINT: [libjvm.so+0x5bf9f0], sa_mask[0]=0x7ffbfeff, sa_flags=0x10000004
SIGTERM: [libjvm.so+0x5bf9f0], sa_mask[0]=0x7ffbfeff, sa_flags=0x10000004
SIGQUIT: [libjvm.so+0x5bf9f0], sa_mask[0]=0x7ffbfeff, sa_flags=0x10000004


---------------  S Y S T E M  ---------------

OS:Ubuntu 12.04 (precise)
uname:Linux 3.2.0-69-generic-pae #103-Ubuntu SMP Tue Sep 2 05:15:53 UTC 2014 i686
libc:glibc 2.15 NPTL 2.15 
rlimit: STACK 8192k, CORE 0k, NPROC 7891, NOFILE 4096, AS infinity
load average:19.21 19.11 16.90

/proc/meminfo:
MemTotal:        1024744 kB
MemFree:          122104 kB
Buffers:           36872 kB
Cached:           316264 kB
SwapCached:        20536 kB
Active:           388084 kB
Inactive:         429836 kB
Active(anon):     218216 kB
Inactive(anon):   248272 kB
Active(file):     169868 kB
Inactive(file):   181564 kB
Unevictable:           0 kB
Mlocked:               0 kB
HighTotal:        135048 kB
HighFree:           1796 kB
LowTotal:         889696 kB
LowFree:          120308 kB
SwapTotal:       1046524 kB
SwapFree:         977864 kB
Dirty:               108 kB
Writeback:             0 kB
AnonPages:        449096 kB
Mapped:            86152 kB
Shmem:              1700 kB
Slab:              35724 kB
SReclaimable:      20500 kB
SUnreclaim:        15224 kB
KernelStack:        3520 kB
PageTables:         8768 kB
NFS_Unstable:          0 kB
Bounce:                0 kB
WritebackTmp:          0 kB
CommitLimit:     1558896 kB
Committed_AS:    3318720 kB
VmallocTotal:     122880 kB
VmallocUsed:       22492 kB
VmallocChunk:      72360 kB
HardwareCorrupted:     0 kB
AnonHugePages:         0 kB
HugePages_Total:       0
HugePages_Free:        0
HugePages_Rsvd:        0
HugePages_Surp:        0
Hugepagesize:       2048 kB
DirectMap4k:       32760 kB
DirectMap2M:      880640 kB


CPU:total 1 (1 cores per cpu, 1 threads per core) family 6 model 58 stepping 9, cmov, cx8, fxsr, mmx, sse, sse2, sse3, ssse3, sse4.1, sse4.2, popcnt, avx, tsc, tscinvbit, tscinv

/proc/cpuinfo:
processor	: 0
vendor_id	: GenuineIntel
cpu family	: 6
model		: 58
model name	: Intel(R) Core(TM) i7-3540M CPU @ 3.00GHz
stepping	: 9
microcode	: 0x15
cpu MHz		: 2993.280
cache size	: 4096 KB
fdiv_bug	: no
hlt_bug		: no
f00f_bug	: no
coma_bug	: no
fpu		: yes
fpu_exception	: yes
cpuid level	: 13
wp		: yes
flags		: fpu vme de pse tsc msr pae mce cx8 apic sep mtrr pge mca cmov pat pse36 clflush dts mmx fxsr sse sse2 ss nx rdtscp lm constant_tsc up arch_perfmon pebs bts xtopology tsc_reliable nonstop_tsc aperfmperf pni pclmulqdq ssse3 cx16 pcid sse4_1 sse4_2 x2apic popcnt aes xsave avx f16c rdrand hypervisor lahf_lm ida arat epb xsaveopt pln pts dtherm fsgsbase smep
bogomips	: 5986.56
clflush size	: 64
cache_alignment	: 64
address sizes	: 40 bits physical, 48 bits virtual
power management:



Memory: 4k page, physical 1024744k(122104k free), swap 1046524k(977864k free)

vm_info: OpenJDK Server VM (23.25-b01) for linux-x86 JRE (1.6.0_32-b32), built on Aug  6 2014 17:04:30 by "buildd" with gcc 4.6.3

time: Mon Mar  2 07:04:42 2015
elapsed time: 1 seconds

